TN:
SF:/home/chung/Documents/MATLAB/ForBES/ForBESC/Function.h
FN:76,_ZN8Function4callER6MatrixRd
FN:115,_ZN8Function8callProxERK6MatrixdRS0_
FN:134,_ZN8Function8callProxERK6MatrixdRS0_d
FN:151,_ZN8Function8callConjERK6MatrixRd
FN:169,_ZN8Function8callConjERK6MatrixRdRS0_
FN:201,_ZN8Function15computeGradientER6MatrixS1_
FNDA:0,_ZN8Function4callER6MatrixRd
FNDA:1,_ZN8Function8callProxERK6MatrixdRS0_
FNDA:0,_ZN8Function8callProxERK6MatrixdRS0_d
FNDA:0,_ZN8Function8callConjERK6MatrixRd
FNDA:0,_ZN8Function8callConjERK6MatrixRdRS0_
FNDA:0,_ZN8Function15computeGradientER6MatrixS1_
FNF:6
FNH:1
DA:76,0
DA:77,0
DA:115,1
DA:116,1
DA:134,0
DA:135,0
DA:151,0
DA:152,0
DA:169,0
DA:170,0
DA:201,0
DA:202,0
LF:12
LH:2
end_of_record
SF:/home/chung/Documents/MATLAB/ForBES/ForBESC/QuadOverAffine.cpp
FN:24,_ZN14QuadOverAffineC2Ev
FN:27,_ZN14QuadOverAffineC2ERKS_
FN:30,_ZN14QuadOverAffineD0Ev
FN:30,_ZN14QuadOverAffineD2Ev
FN:33,_ZN14QuadOverAffineC2ER6MatrixS1_S1_S1_
FN:38,_Z41__static_initialization_and_destruction_0ii
FN:38,_GLOBAL__sub_I__ZN14QuadOverAffineC2Ev
FNDA:0,_ZN14QuadOverAffineC2Ev
FNDA:0,_ZN14QuadOverAffineC2ERKS_
FNDA:0,_ZN14QuadOverAffineD0Ev
FNDA:0,_ZN14QuadOverAffineD2Ev
FNDA:0,_ZN14QuadOverAffineC2ER6MatrixS1_S1_S1_
FNDA:5,_GLOBAL__sub_I__ZN14QuadOverAffineC2Ev
FNDA:5,_Z41__static_initialization_and_destruction_0ii
FNF:7
FNH:2
DA:24,0
DA:25,0
DA:27,0
DA:28,0
DA:30,0
DA:31,0
DA:33,0
DA:34,0
DA:35,0
DA:36,0
DA:37,0
DA:38,15
LF:12
LH:1
end_of_record
SF:/usr/include/c++/4.8/iostream
DA:74,5
LF:1
LH:1
end_of_record
TN:
SF:/home/chung/Documents/MATLAB/ForBES/ForBESC/MatrixOperator.cpp
FN:10,_ZN14MatrixOperatorD2Ev
FN:10,_ZN14MatrixOperatorD0Ev
FN:13,_ZN14MatrixOperator4callER6Matrix
FN:19,_ZN14MatrixOperator11dimensionInEv
FN:23,_ZN14MatrixOperator12dimensionOutEv
FN:25,_GLOBAL__sub_I__ZN14MatrixOperatorD2Ev
FN:25,_Z41__static_initialization_and_destruction_0ii
FNDA:2,_ZN14MatrixOperatorD0Ev
FNDA:2,_ZN14MatrixOperatorD2Ev
FNDA:2,_ZN14MatrixOperator4callER6Matrix
FNDA:1,_ZN14MatrixOperator11dimensionInEv
FNDA:1,_ZN14MatrixOperator12dimensionOutEv
FNDA:5,_GLOBAL__sub_I__ZN14MatrixOperatorD2Ev
FNDA:5,_Z41__static_initialization_and_destruction_0ii
FNF:7
FNH:7
DA:10,4
DA:11,4
DA:13,2
DA:14,2
DA:15,2
DA:16,2
DA:19,1
DA:20,1
DA:23,1
DA:24,1
DA:25,15
LF:11
LH:11
end_of_record
SF:/usr/include/c++/4.8/iostream
DA:74,5
LF:1
LH:1
end_of_record
TN:
SF:/usr/include/c++/4.8/iostream
DA:74,5
LF:1
LH:1
end_of_record
SF:/home/chung/Documents/MATLAB/ForBES/ForBESC/Function.h
FN:115,_ZN8Function8callProxERK6MatrixdRS0_
FN:134,_ZN8Function8callProxERK6MatrixdRS0_d
FNDA:0,_ZN8Function8callProxERK6MatrixdRS0_
FNDA:0,_ZN8Function8callProxERK6MatrixdRS0_d
FNF:2
FNH:0
DA:115,0
DA:116,0
DA:134,0
DA:135,0
LF:4
LH:0
end_of_record
SF:/home/chung/Documents/MATLAB/ForBES/ForBESC/Quadratic.cpp
FN:25,_ZN9QuadraticC2Ev
FN:33,_ZN9QuadraticC2ER6Matrix
FN:41,_ZN9QuadraticC2ER6MatrixS1_
FN:49,_ZN9QuadraticC2ERKS_
FN:53,_ZN9QuadraticD2Ev
FN:53,_ZN9QuadraticD0Ev
FN:59,_ZN9Quadratic4setQER6Matrix
FN:64,_ZN9Quadratic4setqER6Matrix
FN:69,_ZN9Quadratic4callER6MatrixRd
FN:80,_ZN9Quadratic8categoryEv
FN:84,_ZN9Quadratic8callConjERK6MatrixRd
FN:91,_ZN9Quadratic8callConjERK6MatrixRdRS0_
FN:124,_ZN9Quadratic15computeGradientER6MatrixS1_
FN:134,_Z41__static_initialization_and_destruction_0ii
FN:134,_GLOBAL__sub_I__ZN9QuadraticC2Ev
FNDA:4,_ZN9QuadraticC2Ev
FNDA:8,_ZN9QuadraticC2ER6Matrix
FNDA:3,_ZN9QuadraticC2ER6MatrixS1_
FNDA:0,_ZN9QuadraticC2ERKS_
FNDA:11,_ZN9QuadraticD0Ev
FNDA:15,_ZN9QuadraticD2Ev
FNDA:0,_ZN9Quadratic4setQER6Matrix
FNDA:1,_ZN9Quadratic4setqER6Matrix
FNDA:8,_ZN9Quadratic4callER6MatrixRd
FNDA:2,_ZN9Quadratic8categoryEv
FNDA:5,_ZN9Quadratic8callConjERK6MatrixRd
FNDA:6,_ZN9Quadratic8callConjERK6MatrixRdRS0_
FNDA:2,_ZN9Quadratic15computeGradientER6MatrixS1_
FNDA:5,_GLOBAL__sub_I__ZN9QuadraticC2Ev
FNDA:5,_Z41__static_initialization_and_destruction_0ii
FNF:15
FNH:13
DA:25,4
DA:26,4
DA:27,4
DA:28,4
DA:29,4
DA:30,4
DA:31,4
DA:33,8
DA:34,8
DA:35,8
DA:36,8
DA:37,8
DA:38,8
DA:39,8
DA:41,3
DA:42,3
DA:43,3
DA:44,3
DA:45,3
DA:46,3
DA:47,3
DA:49,0
DA:51,0
DA:53,41
DA:54,15
DA:55,2
DA:57,26
DA:59,0
DA:60,0
DA:61,0
DA:62,0
DA:64,1
DA:65,1
DA:66,1
DA:67,1
DA:69,8
DA:70,8
DA:71,8
DA:72,7
DA:74,1
DA:77,8
DA:80,2
DA:81,2
DA:84,5
DA:85,5
DA:86,5
DA:87,5
DA:88,5
DA:91,6
DA:92,6
DA:94,6
DA:95,1
DA:96,1
DA:97,1
DA:100,5
DA:102,1
DA:103,1
DA:104,5
DA:105,4
DA:106,4
DA:108,1
DA:111,4
DA:112,2
DA:113,2
DA:114,2
DA:115,0
DA:119,4
DA:120,4
DA:121,4
DA:124,2
DA:125,2
DA:126,0
DA:128,2
DA:130,2
DA:131,0
DA:133,2
DA:134,15
LF:77
LH:68
end_of_record
TN:
SF:/usr/include/c++/4.8/iostream
DA:74,5
LF:1
LH:1
end_of_record
SF:/home/chung/Documents/MATLAB/ForBES/ForBESC/LinearOperator.cpp
FN:10,_ZN14LinearOperatorC2Ev
FN:13,_ZN14LinearOperatorC2ERKS_
FN:16,_ZN14LinearOperatorD2Ev
FN:16,_ZN14LinearOperatorD0Ev
FN:17,_Z41__static_initialization_and_destruction_0ii
FN:17,_GLOBAL__sub_I__ZN14LinearOperatorC2Ev
FNDA:3,_ZN14LinearOperatorC2Ev
FNDA:0,_ZN14LinearOperatorC2ERKS_
FNDA:0,_ZN14LinearOperatorD0Ev
FNDA:2,_ZN14LinearOperatorD2Ev
FNDA:5,_GLOBAL__sub_I__ZN14LinearOperatorC2Ev
FNDA:5,_Z41__static_initialization_and_destruction_0ii
FNF:6
FNH:4
DA:10,3
DA:11,3
DA:13,0
DA:14,0
DA:16,2
DA:17,17
LF:6
LH:4
end_of_record
TN:
SF:/usr/include/c++/4.8/iostream
DA:74,5
LF:1
LH:1
end_of_record
SF:/home/chung/Documents/MATLAB/ForBES/ForBESC/Function.cpp
FN:25,_ZN8FunctionC2Ev
FN:29,_ZN8FunctionC2ERKS_
FN:32,_ZN8FunctionD0Ev
FN:32,_ZN8FunctionD2Ev
FN:35,_ZN8Function4callER6MatrixRdS1_
FN:46,_Z41__static_initialization_and_destruction_0ii
FN:46,_GLOBAL__sub_I__ZN8Function13CAT_QUADRATICE
FNDA:16,_ZN8FunctionC2Ev
FNDA:0,_ZN8FunctionC2ERKS_
FNDA:0,_ZN8FunctionD0Ev
FNDA:16,_ZN8FunctionD2Ev
FNDA:2,_ZN8Function4callER6MatrixRdS1_
FNDA:5,_GLOBAL__sub_I__ZN8Function13CAT_QUADRATICE
FNDA:5,_Z41__static_initialization_and_destruction_0ii
FNF:7
FNH:5
DA:25,16
DA:27,16
DA:29,0
DA:30,0
DA:32,16
DA:33,16
DA:35,2
DA:37,2
DA:38,2
DA:39,0
DA:41,2
DA:42,2
DA:43,0
DA:45,2
DA:46,15
LF:15
LH:11
end_of_record
SF:/home/chung/Documents/MATLAB/ForBES/ForBESC/Function.h
FN:76,_ZN8Function4callER6MatrixRd
FN:115,_ZN8Function8callProxERK6MatrixdRS0_
FN:134,_ZN8Function8callProxERK6MatrixdRS0_d
FN:151,_ZN8Function8callConjERK6MatrixRd
FN:169,_ZN8Function8callConjERK6MatrixRdRS0_
FN:201,_ZN8Function15computeGradientER6MatrixS1_
FNDA:0,_ZN8Function4callER6MatrixRd
FNDA:0,_ZN8Function8callProxERK6MatrixdRS0_
FNDA:0,_ZN8Function8callProxERK6MatrixdRS0_d
FNDA:0,_ZN8Function8callConjERK6MatrixRd
FNDA:0,_ZN8Function8callConjERK6MatrixRdRS0_
FNDA:0,_ZN8Function15computeGradientER6MatrixS1_
FNF:6
FNH:0
DA:76,0
DA:77,0
DA:115,0
DA:116,0
DA:134,0
DA:135,0
DA:151,0
DA:152,0
DA:169,0
DA:170,0
DA:201,0
DA:202,0
LF:12
LH:0
end_of_record
TN:
SF:/usr/include/c++/4.8/iostream
DA:74,5
LF:1
LH:1
end_of_record
SF:/home/chung/Documents/MATLAB/ForBES/ForBESC/main.cpp
FN:24,_Z8__nomainiPPc
FN:26,_GLOBAL__sub_I__Z8__nomainiPPc
FN:26,_Z41__static_initialization_and_destruction_0ii
FNDA:0,_Z8__nomainiPPc
FNDA:5,_GLOBAL__sub_I__Z8__nomainiPPc
FNDA:5,_Z41__static_initialization_and_destruction_0ii
FNF:3
FNH:2
DA:24,0
DA:25,0
DA:26,15
LF:3
LH:1
end_of_record
TN:
SF:/usr/include/c++/4.8/bits/allocator.h
FN:133,_ZSteqIcEbRKSaIT_ES3_
FNDA:0,_ZSteqIcEbRKSaIT_ES3_
FNF:1
FNH:0
DA:133,0
DA:134,0
LF:2
LH:0
end_of_record
SF:/usr/include/c++/4.8/bits/basic_ios.h
FN:46,_ZSt13__check_facetISt5ctypeIcEERKT_PS3_
FNDA:0,_ZSt13__check_facetISt5ctypeIcEERKT_PS3_
FNF:1
FNH:0
DA:46,0
DA:48,0
DA:49,0
DA:50,0
LF:4
LH:0
end_of_record
SF:/usr/include/c++/4.8/bits/basic_string.h
FN:272,_ZNSs12_Alloc_hiderD2Ev
FN:1721,_ZNSs16_S_construct_auxIPcEES0_T_S1_RKSaIcESt12__false_type
FN:1743,_ZNSs12_S_constructIPcEES0_T_S1_RKSaIcE
FNDA:0,_ZNSs12_Alloc_hiderD2Ev
FNDA:0,_ZNSs16_S_construct_auxIPcEES0_T_S1_RKSaIcESt12__false_type
FNDA:0,_ZNSs12_S_constructIPcEES0_T_S1_RKSaIcE
FNF:3
FNH:0
DA:272,0
DA:1721,0
DA:1725,0
DA:1743,0
DA:1746,0
LF:5
LH:0
end_of_record
SF:/usr/include/c++/4.8/bits/basic_string.tcc
FN:123,_ZNSs12_S_constructIPcEES0_T_S1_RKSaIcESt20forward_iterator_tag
FN:227,_ZNSsC2IPcEET_S1_RKSaIcE
FNDA:0,_ZNSs12_S_constructIPcEES0_T_S1_RKSaIcESt20forward_iterator_tag
FNDA:0,_ZNSsC2IPcEET_S1_RKSaIcE
FNF:2
FNH:0
DA:123,0
DA:128,0
DA:129,0
DA:132,0
DA:133,0
DA:136,0
DA:138,0
DA:140,0
DA:141,=====
DA:143,=====
DA:144,=====
DA:146,0
DA:147,0
DA:227,0
DA:229,0
DA:230,0
LF:16
LH:0
end_of_record
SF:/usr/include/c++/4.8/bits/char_traits.h
FN:242,_ZNSt11char_traitsIcE6assignERcRKc
FN:258,_ZNSt11char_traitsIcE6lengthEPKc
FN:270,_ZNSt11char_traitsIcE4copyEPcPKcm
FNDA:0,_ZNSt11char_traitsIcE6assignERcRKc
FNDA:0,_ZNSt11char_traitsIcE6lengthEPKc
FNDA:0,_ZNSt11char_traitsIcE4copyEPcPKcm
FNF:3
FNH:0
DA:242,0
DA:243,0
DA:258,0
DA:259,0
DA:270,0
DA:271,0
LF:6
LH:0
end_of_record
SF:/usr/include/c++/4.8/bits/ios_base.h
FN:119,_ZStorSt13_Ios_OpenmodeS_
FN:157,_ZStorSt12_Ios_IostateS_
FN:630,_ZNSt8ios_base9precisionEl
FN:653,_ZNSt8ios_base5widthEl
FNDA:0,_ZStorSt13_Ios_OpenmodeS_
FNDA:0,_ZStorSt12_Ios_IostateS_
FNDA:0,_ZNSt8ios_base9precisionEl
FNDA:0,_ZNSt8ios_base5widthEl
FNF:4
FNH:0
DA:119,0
DA:120,0
DA:157,0
DA:158,0
DA:630,0
DA:632,0
DA:633,0
DA:634,0
DA:653,0
DA:655,0
DA:656,0
DA:657,0
LF:12
LH:0
end_of_record
SF:/usr/include/c++/4.8/bits/locale_facets.h
FN:865,_ZNKSt5ctypeIcE5widenEc
FNDA:0,_ZNKSt5ctypeIcE5widenEc
FNF:1
FNH:0
DA:865,0
DA:867,0
DA:868,0
DA:869,0
DA:870,0
LF:5
LH:0
end_of_record
SF:/usr/include/c++/4.8/bits/move.h
FN:166,_ZSt4swapImEvRT_S1_
FNDA:10,_ZSt4swapImEvRT_S1_
FNF:1
FNH:1
DA:166,10
DA:175,10
DA:176,10
DA:177,10
DA:178,10
LF:5
LH:5
end_of_record
SF:/usr/include/c++/4.8/bits/stl_algobase.h
FN:193,_ZSt3minImERKT_S2_S2_
FN:216,_ZSt3maxImERKT_S2_S2_
FNDA:659,_ZSt3minImERKT_S2_S2_
FNDA:0,_ZSt3maxImERKT_S2_S2_
FNF:2
FNH:1
DA:193,659
DA:198,659
DA:199,249
DA:200,410
DA:216,0
DA:221,0
DA:222,0
DA:223,0
LF:8
LH:4
end_of_record
SF:/usr/include/c++/4.8/bits/stl_iterator_base_funcs.h
FN:90,_ZSt10__distanceIPcENSt15iterator_traitsIT_E15difference_typeES2_S2_St26random_access_iterator_tag
FN:114,_ZSt8distanceIPcENSt15iterator_traitsIT_E15difference_typeES2_S2_
FNDA:0,_ZSt10__distanceIPcENSt15iterator_traitsIT_E15difference_typeES2_S2_St26random_access_iterator_tag
FNDA:0,_ZSt8distanceIPcENSt15iterator_traitsIT_E15difference_typeES2_S2_
FNF:2
FNH:0
DA:90,0
DA:96,0
DA:114,0
DA:118,0
LF:4
LH:0
end_of_record
SF:/usr/include/c++/4.8/bits/stl_iterator_base_types.h
FN:201,_ZSt19__iterator_categoryIPcENSt15iterator_traitsIT_E17iterator_categoryERKS2_
FNDA:0,_ZSt19__iterator_categoryIPcENSt15iterator_traitsIT_E17iterator_categoryERKS2_
FNF:1
FNH:0
DA:201,0
DA:202,0
LF:2
LH:0
end_of_record
SF:/usr/include/c++/4.8/ext/atomicity.h
FN:48,_ZN9__gnu_cxxL18__exchange_and_addEPVii
FN:65,_ZN9__gnu_cxxL25__exchange_and_add_singleEPii
FN:78,_ZN9__gnu_cxxL27__exchange_and_add_dispatchEPii
FNDA:0,_ZN9__gnu_cxxL18__exchange_and_addEPVii
FNDA:0,_ZN9__gnu_cxxL25__exchange_and_add_singleEPii
FNDA:0,_ZN9__gnu_cxxL27__exchange_and_add_dispatchEPii
FNF:3
FNH:0
DA:48,0
DA:49,0
DA:65,0
DA:67,0
DA:68,0
DA:69,0
DA:78,0
DA:81,0
DA:82,0
DA:84,0
LF:10
LH:0
end_of_record
SF:/usr/include/c++/4.8/ext/new_allocator.h
FN:79,_ZN9__gnu_cxx13new_allocatorIcEC2Ev
FN:81,_ZN9__gnu_cxx13new_allocatorIcEC2ERKS1_
FN:86,_ZN9__gnu_cxx13new_allocatorIcED2Ev
FNDA:0,_ZN9__gnu_cxx13new_allocatorIcEC2Ev
FNDA:0,_ZN9__gnu_cxx13new_allocatorIcEC2ERKS1_
FNDA:0,_ZN9__gnu_cxx13new_allocatorIcED2Ev
FNF:3
FNH:0
DA:79,0
DA:81,0
DA:86,0
LF:3
LH:0
end_of_record
SF:/usr/include/c++/4.8/ext/type_traits.h
FN:150,_ZN9__gnu_cxx17__is_null_pointerIcEEbPT_
FNDA:0,_ZN9__gnu_cxx17__is_null_pointerIcEEbPT_
FNF:1
FNH:0
DA:150,0
DA:151,0
LF:2
LH:0
end_of_record
SF:/usr/include/c++/4.8/iomanip
FN:192,_ZSt12setprecisioni
FN:222,_ZSt4setwi
FNDA:0,_ZSt12setprecisioni
FNDA:0,_ZSt4setwi
FNF:2
FNH:0
DA:192,0
DA:193,0
DA:222,0
DA:223,0
LF:4
LH:0
end_of_record
SF:/usr/include/c++/4.8/iostream
DA:74,5
LF:1
LH:1
end_of_record
SF:/usr/include/c++/4.8/sstream
FN:64,_ZNSt15basic_stringbufIcSt11char_traitsIcESaIcEED0Ev
FN:64,_ZNSt15basic_stringbufIcSt11char_traitsIcESaIcEED2Ev
FNDA:0,_ZNSt15basic_stringbufIcSt11char_traitsIcESaIcEED0Ev
FNDA:0,_ZNSt15basic_stringbufIcSt11char_traitsIcESaIcEED2Ev
FNF:2
FNH:0
DA:64,0
LF:1
LH:0
end_of_record
SF:/usr/include/x86_64-linux-gnu/c++/4.8/bits/gthr-default.h
FN:247,_ZL18__gthread_active_pv
FNDA:0,_ZL18__gthread_active_pv
FNF:1
FNH:0
DA:247,0
DA:251,0
LF:2
LH:0
end_of_record
SF:/home/chung/Documents/MATLAB/ForBES/ForBESC/Matrix.cpp
FN:29,_ZN6Matrix14cholmod_handleEv
FN:37,_ZN6Matrix14destroy_handleEv
FN:47,_ZN6MatrixC2Ev
FN:57,_ZN6MatrixC2Emm
FN:61,_ZN6MatrixC2EmmNS_10MatrixTypeE
FN:65,_ZN6MatrixC2EmmPKd
FN:72,_ZN6MatrixC2EmmPKdNS_10MatrixTypeE
FN:79,_ZN6MatrixC2ERKS_
FN:112,_ZN6MatrixD2Ev
FN:112,_ZN6MatrixD0Ev
FN:141,_ZNK6Matrix8getNcolsEv
FN:145,_ZNK6Matrix8getNrowsEv
FN:149,_ZNK6Matrix7getDataEv
FN:153,_ZNK6Matrix7isEmptyEv
FN:157,_ZNK6Matrix14isColumnVectorEv
FN:161,_ZNK6Matrix11isRowVectorEv
FN:165,_ZNK6Matrix6lengthEv
FN:171,_ZN6Matrix9transposeEv
FN:183,_ZN6Matrix7reshapeEmm
FN:196,_ZNK6Matrix3getEmm
FN:233,_ZN6Matrix3setEmmd
FN:269,_ZNK6Matrix15quadFromTripletERKS_
FN:279,_ZN6Matrix4quadERS_
FN:320,_ZN6Matrix4quadERS_S0_
FN:340,_ZN6Matrix8choleskyERS_
FN:393,_ZNK6Matrix19solveCholeskySystemERS_RKS_
FN:424,_ZNK6MatrixeqERKS_
FN:436,_ZlsRSoRK6Matrix
FN:472,_ZNK6MatrixixEi
FN:479,_ZN6MatrixpLERS_
FN:536,_ZN6MatrixmIERKS_
FN:550,_ZNK6MatrixplERS_
FN:559,_ZNK6MatrixmiERKS_
FN:568,_ZN6MatrixmlERS_
FN:600,_ZN6MatrixaSERKS_
FN:645,_ZNK6Matrix4dommERKS_RS_
FN:664,_ZNK6Matrix17multiplyLeftDenseERKS_
FN:695,_ZNK6Matrix21multiplyLeftSymmetricERKS_
FN:711,_ZNK6Matrix20multiplyLeftDiagonalERKS_
FN:734,_ZN6Matrix18multiplyLeftSparseERS_
FN:794,_ZN6Matrix17indexWithinBoundsEmm
FN:798,_ZNK6Matrix7getTypeEv
FN:802,_ZN6Matrix4initEmmNS_10MatrixTypeE
FN:833,_ZN6Matrix12createSparseEv
FN:847,_ZN6Matrix13createTripletEv
FN:852,_GLOBAL__sub_I__ZN6Matrix12ms_singletonE
FN:852,_Z41__static_initialization_and_destruction_0ii
FNDA:2435,_ZN6Matrix14cholmod_handleEv
FNDA:4,_ZN6Matrix14destroy_handleEv
FNDA:68,_ZN6MatrixC2Ev
FNDA:88,_ZN6MatrixC2Emm
FNDA:1224,_ZN6MatrixC2EmmNS_10MatrixTypeE
FNDA:28,_ZN6MatrixC2EmmPKd
FNDA:15,_ZN6MatrixC2EmmPKdNS_10MatrixTypeE
FNDA:77,_ZN6MatrixC2ERKS_
FNDA:55,_ZN6MatrixD0Ev
FNDA:1478,_ZN6MatrixD2Ev
FNDA:3528294,_ZNK6Matrix8getNcolsEv
FNDA:3528858,_ZNK6Matrix8getNrowsEv
FNDA:201,_ZNK6Matrix7getDataEv
FNDA:7,_ZNK6Matrix7isEmptyEv
FNDA:679,_ZNK6Matrix14isColumnVectorEv
FNDA:2,_ZNK6Matrix11isRowVectorEv
FNDA:10069,_ZNK6Matrix6lengthEv
FNDA:10,_ZN6Matrix9transposeEv
FNDA:3,_ZN6Matrix7reshapeEmm
FNDA:3527590,_ZNK6Matrix3getEmm
FNDA:41837,_ZN6Matrix3setEmmd
FNDA:565,_ZNK6Matrix15quadFromTripletERKS_
FNDA:584,_ZN6Matrix4quadERS_
FNDA:5,_ZN6Matrix4quadERS_S0_
FNDA:8,_ZN6Matrix8choleskyERS_
FNDA:7,_ZNK6Matrix19solveCholeskySystemERS_RKS_
FNDA:5,_ZNK6MatrixeqERKS_
FNDA:0,_ZlsRSoRK6Matrix
FNDA:9762,_ZNK6MatrixixEi
FNDA:5,_ZN6MatrixpLERS_
FNDA:10,_ZN6MatrixmIERKS_
FNDA:3,_ZNK6MatrixplERS_
FNDA:9,_ZNK6MatrixmiERKS_
FNDA:36,_ZN6MatrixmlERS_
FNDA:288,_ZN6MatrixaSERKS_
FNDA:3,_ZNK6Matrix4dommERKS_RS_
FNDA:17,_ZNK6Matrix17multiplyLeftDenseERKS_
FNDA:2,_ZNK6Matrix21multiplyLeftSymmetricERKS_
FNDA:4,_ZNK6Matrix20multiplyLeftDiagonalERKS_
FNDA:2,_ZN6Matrix18multiplyLeftSparseERS_
FNDA:41837,_ZN6Matrix17indexWithinBoundsEmm
FNDA:308,_ZNK6Matrix7getTypeEv
FNDA:1355,_ZN6Matrix4initEmmNS_10MatrixTypeE
FNDA:7,_ZN6Matrix12createSparseEv
FNDA:1,_ZN6Matrix13createTripletEv
FNDA:5,_GLOBAL__sub_I__ZN6Matrix12ms_singletonE
FNDA:5,_Z41__static_initialization_and_destruction_0ii
FNF:47
FNH:46
DA:29,2435
DA:30,2435
DA:31,3
DA:32,3
DA:34,2435
DA:37,4
DA:38,4
DA:39,0
DA:41,4
DA:43,4
DA:47,68
DA:48,68
DA:49,68
DA:50,68
DA:51,68
DA:52,68
DA:53,68
DA:54,68
DA:55,68
DA:57,88
DA:58,88
DA:59,88
DA:61,1224
DA:62,1224
DA:63,1224
DA:65,28
DA:66,28
DA:67,309
DA:68,281
DA:70,28
DA:72,15
DA:73,15
DA:74,196
DA:75,181
DA:77,15
DA:79,77
DA:80,77
DA:81,77
DA:82,77
DA:83,77
DA:84,71
DA:85,71
DA:86,0
DA:88,71
DA:89,1481
DA:90,1410
DA:92,71
DA:94,77
DA:95,77
DA:96,6
DA:97,6
DA:99,6
DA:100,3
DA:102,6
DA:103,0
DA:105,6
DA:106,0
DA:109,77
DA:112,1533
DA:113,1478
DA:114,1478
DA:115,1478
DA:116,413
DA:118,1478
DA:119,1478
DA:120,1478
DA:121,1074
DA:122,1074
DA:123,1074
DA:125,1478
DA:126,19
DA:127,19
DA:128,19
DA:130,1478
DA:131,2
DA:132,2
DA:134,1478
DA:135,2
DA:136,2
DA:138,1533
DA:141,3528294
DA:142,3528294
DA:145,3528858
DA:146,3528858
DA:149,201
DA:150,201
DA:153,7
DA:154,7
DA:157,679
DA:158,679
DA:161,2
DA:162,2
DA:165,10069
DA:166,10069
DA:171,10
DA:172,10
DA:173,10
DA:175,10
DA:176,4
DA:178,6
DA:180,10
DA:183,3
DA:184,3
DA:185,3
DA:186,1
DA:188,2
DA:189,1
DA:191,1
DA:192,1
DA:193,1
DA:196,3527590
DA:197,3527590
DA:198,0
DA:200,3527590
DA:201,736660
DA:202,2790930
DA:203,387
DA:204,207
DA:206,180
DA:208,2790543
DA:209,460
DA:210,460
DA:211,460
DA:212,2790083
DA:214,155
DA:215,3197
DA:216,2787041
DA:217,2787041
DA:218,0
DA:220,2787041
DA:221,151220122
DA:222,149621085
DA:223,2874500
DA:224,1188004
DA:225,1188004
DA:229,2787041
DA:231,0
DA:233,41837
DA:234,41837
DA:235,0
DA:237,41837
DA:238,614
DA:239,41223
DA:240,11
DA:241,41212
DA:242,1382
DA:243,39830
DA:244,199
DA:245,199
DA:246,199
DA:247,39631
DA:248,39630
DA:249,0
DA:251,39630
DA:252,1
DA:253,1
DA:254,1
DA:256,39629
DA:257,39629
DA:258,39629
DA:259,39629
DA:260,39629
DA:261,39629
DA:262,39629
DA:264,1
DA:267,41835
DA:269,565
DA:270,565
DA:271,27350
DA:272,53570
DA:273,26785
DA:274,26785
DA:276,565
DA:279,584
DA:280,584
DA:281,0
DA:283,584
DA:284,0
DA:286,584
DA:287,0
DA:289,584
DA:291,584
DA:292,102
DA:293,746
DA:294,658
DA:296,14
DA:297,570
DA:298,27
DA:299,24
DA:301,567
DA:302,22
DA:303,110
DA:304,90
DA:306,20
DA:308,565
DA:309,565
DA:310,565
DA:313,0
DA:316,584
DA:317,584
DA:320,5
DA:321,5
DA:322,0
DA:324,5
DA:325,0
DA:327,5
DA:328,0
DA:330,5
DA:331,0
DA:333,5
DA:334,5
DA:335,5
DA:336,5
DA:337,5
DA:340,8
DA:341,8
DA:343,2
DA:344,2
DA:345,2
DA:346,2
DA:347,2
DA:348,2
DA:350,6
DA:351,6
DA:352,0
DA:356,6
DA:361,4
DA:362,18
DA:363,14
DA:364,0
DA:381,2
DA:383,2
DA:384,2
DA:389,6
DA:393,7
DA:394,7
DA:397,2
DA:398,10
DA:399,8
DA:401,2
DA:402,2
DA:403,10
DA:404,8
DA:406,2
DA:407,2
DA:409,5
DA:410,5
DA:411,5
DA:412,0
DA:415,5
DA:419,5
DA:424,5
DA:425,10
DA:426,10
DA:427,10
DA:428,37
DA:429,208
DA:430,176
DA:433,5
DA:436,0
DA:437,0
DA:438,0
DA:439,0
DA:441,0
DA:442,0
DA:443,0
DA:444,0
DA:445,0
DA:447,0
DA:448,0
DA:449,0
DA:450,0
DA:451,0
DA:452,0
DA:453,0
DA:454,0
DA:457,0
DA:459,0
DA:460,0
DA:461,0
DA:462,0
DA:464,0
DA:467,0
DA:469,0
DA:472,9762
DA:473,9762
DA:474,0
DA:476,9762
DA:479,5
DA:480,5
DA:481,0
DA:483,5
DA:484,4
DA:487,1
DA:489,1
DA:490,6
DA:491,40
DA:492,35
DA:496,1
DA:498,1
DA:499,1
DA:500,7
DA:501,6
DA:502,6
DA:503,6
DA:504,6
DA:507,1
DA:509,3
DA:512,3
DA:513,1
DA:515,3
DA:516,2
DA:520,3
DA:522,3
DA:523,3
DA:525,1
DA:527,1
DA:532,1
DA:534,0
DA:536,10
DA:537,10
DA:538,0
DA:541,10
DA:547,10
DA:550,3
DA:551,3
DA:552,1
DA:554,2
DA:555,2
DA:556,2
DA:559,9
DA:560,9
DA:561,0
DA:563,9
DA:564,9
DA:565,9
DA:568,36
DA:569,36
DA:570,36
DA:572,11
DA:573,73
DA:574,62
DA:576,11
DA:577,11
DA:579,25
DA:580,0
DA:582,25
DA:583,25
DA:585,17
DA:586,17
DA:588,4
DA:589,4
DA:591,2
DA:592,2
DA:594,2
DA:595,2
DA:597,25
DA:600,288
DA:602,288
DA:603,0
DA:605,288
DA:606,288
DA:607,288
DA:608,288
DA:609,161
DA:610,161
DA:611,161
DA:613,161
DA:615,288
DA:616,288
DA:618,288
DA:619,127
DA:620,126
DA:622,127
DA:623,4
DA:625,127
DA:626,0
DA:628,127
DA:629,0
DA:635,288
DA:641,288
DA:645,3
DA:649,16
DA:650,70
DA:651,57
DA:653,310
DA:655,253
DA:656,229
DA:659,57
DA:662,3
DA:664,17
DA:665,17
DA:666,14
DA:673,14
DA:677,14
DA:678,3
DA:679,1
DA:680,4
DA:681,24
DA:682,21
DA:685,1
DA:686,2
DA:687,2
DA:688,2
DA:689,2
DA:691,0
DA:695,2
DA:697,2
DA:698,2
DA:703,1
DA:704,1
DA:707,1
DA:708,1
DA:711,4
DA:713,4
DA:714,40
DA:715,36
DA:716,65
DA:717,55
DA:719,26
DA:720,40
DA:721,30
DA:723,16
DA:724,10
DA:725,6
DA:726,27
DA:727,21
DA:731,4
DA:734,2
DA:735,2
DA:737,1
DA:738,1
DA:740,1
DA:741,1
DA:745,2
DA:750,3
DA:752,1
DA:753,1
DA:754,1
DA:756,0
DA:758,1
DA:759,1
DA:760,1
DA:763,1
DA:765,1
DA:766,1
DA:768,1
DA:769,1
DA:771,1
DA:772,1
DA:773,10
DA:774,9
DA:777,1
DA:786,1
DA:787,10
DA:788,9
DA:790,1
DA:794,41837
DA:795,41837
DA:798,308
DA:799,308
DA:802,1355
DA:803,1355
DA:804,1355
DA:805,1355
DA:806,1355
DA:807,1355
DA:809,250
DA:810,250
DA:811,250
DA:813,13
DA:814,0
DA:816,13
DA:817,13
DA:818,13
DA:821,32
DA:822,0
DA:824,32
DA:825,32
DA:826,32
DA:828,1060
DA:831,1355
DA:833,7
DA:834,7
DA:835,6
DA:836,6
DA:838,1
DA:839,0
DA:840,0
DA:842,1
DA:843,0
DA:847,1
DA:848,1
DA:849,1
DA:850,1
DA:852,16
LF:496
LH:435
end_of_record
TN:
SF:/usr/include/c++/4.8/bits/basic_string.h
FN:272,_ZNSs12_Alloc_hiderD2Ev
FNDA:0,_ZNSs12_Alloc_hiderD2Ev
FNF:1
FNH:0
DA:272,0
LF:1
LH:0
end_of_record
SF:/usr/include/c++/4.8/ext/atomicity.h
FN:48,_ZN9__gnu_cxxL18__exchange_and_addEPVii
FN:65,_ZN9__gnu_cxxL25__exchange_and_add_singleEPii
FN:78,_ZN9__gnu_cxxL27__exchange_and_add_dispatchEPii
FNDA:0,_ZN9__gnu_cxxL18__exchange_and_addEPVii
FNDA:0,_ZN9__gnu_cxxL25__exchange_and_add_singleEPii
FNDA:0,_ZN9__gnu_cxxL27__exchange_and_add_dispatchEPii
FNF:3
FNH:0
DA:48,0
DA:49,0
DA:65,0
DA:67,0
DA:68,0
DA:69,0
DA:78,0
DA:81,0
DA:82,0
DA:84,0
LF:10
LH:0
end_of_record
SF:/usr/include/c++/4.8/ext/new_allocator.h
FN:79,_ZN9__gnu_cxx13new_allocatorIcEC2Ev
FN:81,_ZN9__gnu_cxx13new_allocatorIcEC2ERKS1_
FN:86,_ZN9__gnu_cxx13new_allocatorIcED2Ev
FNDA:0,_ZN9__gnu_cxx13new_allocatorIcEC2Ev
FNDA:0,_ZN9__gnu_cxx13new_allocatorIcEC2ERKS1_
FNDA:0,_ZN9__gnu_cxx13new_allocatorIcED2Ev
FNF:3
FNH:0
DA:79,0
DA:81,0
DA:86,0
LF:3
LH:0
end_of_record
SF:/usr/include/c++/4.8/iostream
DA:74,5
LF:1
LH:1
end_of_record
SF:/usr/include/x86_64-linux-gnu/c++/4.8/bits/gthr-default.h
FN:247,_ZL18__gthread_active_pv
FNDA:0,_ZL18__gthread_active_pv
FNF:1
FNH:0
DA:247,0
DA:251,0
LF:2
LH:0
end_of_record
SF:/home/chung/Documents/MATLAB/ForBES/ForBESC/Function.h
FN:115,_ZN8Function8callProxERK6MatrixdRS0_
FN:134,_ZN8Function8callProxERK6MatrixdRS0_d
FN:151,_ZN8Function8callConjERK6MatrixRd
FN:169,_ZN8Function8callConjERK6MatrixRdRS0_
FNDA:0,_ZN8Function8callProxERK6MatrixdRS0_
FNDA:0,_ZN8Function8callProxERK6MatrixdRS0_d
FNDA:0,_ZN8Function8callConjERK6MatrixRd
FNDA:0,_ZN8Function8callConjERK6MatrixRdRS0_
FNF:4
FNH:0
DA:115,0
DA:116,0
DA:134,0
DA:135,0
DA:151,0
DA:152,0
DA:169,0
DA:170,0
LF:8
LH:0
end_of_record
SF:/home/chung/Documents/MATLAB/ForBES/ForBESC/QuadraticOperator.cpp
FN:11,_ZN17QuadraticOperatorD2Ev
FN:11,_ZN17QuadraticOperatorD0Ev
FN:14,_ZN17QuadraticOperator4callER6MatrixRdS1_
FN:20,_ZN17QuadraticOperator4callER6MatrixRd
FN:27,_ZN17QuadraticOperator15computeGradientER6MatrixS1_
FN:42,_ZN17QuadraticOperator8categoryEv
FN:44,_Z41__static_initialization_and_destruction_0ii
FN:44,_GLOBAL__sub_I__ZN17QuadraticOperatorD2Ev
FNDA:1,_ZN17QuadraticOperatorD0Ev
FNDA:1,_ZN17QuadraticOperatorD2Ev
FNDA:1,_ZN17QuadraticOperator4callER6MatrixRdS1_
FNDA:0,_ZN17QuadraticOperator4callER6MatrixRd
FNDA:1,_ZN17QuadraticOperator15computeGradientER6MatrixS1_
FNDA:0,_ZN17QuadraticOperator8categoryEv
FNDA:5,_GLOBAL__sub_I__ZN17QuadraticOperatorD2Ev
FNDA:5,_Z41__static_initialization_and_destruction_0ii
FNF:8
FNH:6
DA:11,2
DA:12,2
DA:14,1
DA:15,1
DA:16,1
DA:17,1
DA:20,0
DA:21,0
DA:22,0
DA:23,0
DA:24,0
DA:27,1
DA:28,1
DA:30,1
DA:31,0
DA:33,1
DA:34,0
DA:36,1
DA:37,0
DA:39,1
DA:42,0
DA:43,0
DA:44,15
LF:23
LH:13
end_of_record
TN:
SF:/home/chung/Documents/MATLAB/ForBES/ForBESC/tests/TestMatrixOperator.cpp
FN:11,_Z41__static_initialization_and_destruction_0ii
FN:13,_ZN18TestMatrixOperatorC2Ev
FN:16,_ZN18TestMatrixOperatorD2Ev
FN:16,_ZN18TestMatrixOperatorD0Ev
FN:19,_ZN18TestMatrixOperator5setUpEv
FN:23,_ZN18TestMatrixOperator8tearDownEv
FN:26,_ZN18TestMatrixOperator8testCallEv
FN:40,_GLOBAL__sub_I__ZN18TestMatrixOperatorC2Ev
FNDA:1,_ZN18TestMatrixOperatorC2Ev
FNDA:1,_ZN18TestMatrixOperatorD0Ev
FNDA:1,_ZN18TestMatrixOperatorD2Ev
FNDA:1,_ZN18TestMatrixOperator5setUpEv
FNDA:1,_ZN18TestMatrixOperator8tearDownEv
FNDA:1,_ZN18TestMatrixOperator8testCallEv
FNDA:1,_GLOBAL__sub_I__ZN18TestMatrixOperatorC2Ev
FNDA:1,_Z41__static_initialization_and_destruction_0ii
FNF:8
FNH:8
DA:11,1
DA:13,1
DA:14,1
DA:16,2
DA:17,2
DA:19,1
DA:20,1
DA:21,1
DA:23,1
DA:24,1
DA:26,1
DA:27,1
DA:28,1
DA:30,1
DA:31,2
DA:32,1
DA:33,2
DA:34,1
DA:36,2
DA:37,1
DA:38,2
DA:40,4
LF:22
LH:22
end_of_record
SF:/home/chung/Documents/MATLAB/ForBES/ForBESC/tests/TestMatrixOperator.h
FN:19,_ZN18TestMatrixOperator15addTestsToSuiteERN7CppUnit27TestSuiteBuilderContextBaseE
FN:19,_ZN18TestMatrixOperator14getTestNamer__Ev
FN:23,_ZN18TestMatrixOperator5suiteEv
FN:23,_ZN18TestMatrixOperator16CppUnitExDeleterC2Ev
FN:23,_ZN18TestMatrixOperator16CppUnitExDeleter7releaseEv
FN:23,_ZN18TestMatrixOperator16CppUnitExDeleterD2Ev
FNDA:1,_ZN18TestMatrixOperator15addTestsToSuiteERN7CppUnit27TestSuiteBuilderContextBaseE
FNDA:1,_ZN18TestMatrixOperator14getTestNamer__Ev
FNDA:1,_ZN18TestMatrixOperator5suiteEv
FNDA:1,_ZN18TestMatrixOperator16CppUnitExDeleter7releaseEv
FNDA:1,_ZN18TestMatrixOperator16CppUnitExDeleterD2Ev
FNDA:1,_ZN18TestMatrixOperator16CppUnitExDeleterC2Ev
FNF:6
FNH:6
DA:19,2
DA:21,1
DA:23,5
LF:3
LH:3
end_of_record
SF:/usr/include/c++/4.8/bits/allocator.h
FN:115,_ZNSaISt4pairISsSsEEC2ERKS1_
FN:121,_ZNSaISt4pairISsSsEED2Ev
FN:133,_ZSteqIcEbRKSaIT_ES3_
FNDA:1,_ZNSaISt4pairISsSsEEC2ERKS1_
FNDA:0,_ZNSaISt4pairISsSsEED2Ev
FNDA:0,_ZSteqIcEbRKSaIT_ES3_
FNF:3
FNH:1
DA:115,1
DA:116,1
DA:121,0
DA:133,0
DA:134,0
LF:5
LH:2
end_of_record
SF:/usr/include/c++/4.8/bits/basic_string.h
FN:272,_ZNSs12_Alloc_hiderD2Ev
FN:1721,_ZNSs16_S_construct_auxIPcEES0_T_S1_RKSaIcESt12__false_type
FN:1743,_ZNSs12_S_constructIPcEES0_T_S1_RKSaIcE
FN:2402,_ZStplIcSt11char_traitsIcESaIcEESbIT_T0_T1_ERKS6_PKS3_
FNDA:0,_ZNSs12_Alloc_hiderD2Ev
FNDA:0,_ZNSs16_S_construct_auxIPcEES0_T_S1_RKSaIcESt12__false_type
FNDA:0,_ZNSs12_S_constructIPcEES0_T_S1_RKSaIcE
FNDA:0,_ZStplIcSt11char_traitsIcESaIcEESbIT_T0_T1_ERKS6_PKS3_
FNF:4
FNH:0
DA:272,0
DA:1721,0
DA:1725,0
DA:1743,0
DA:1746,0
DA:2402,0
DA:2405,0
DA:2406,0
DA:2407,0
LF:9
LH:0
end_of_record
SF:/usr/include/c++/4.8/bits/basic_string.tcc
FN:123,_ZNSs12_S_constructIPcEES0_T_S1_RKSaIcESt20forward_iterator_tag
FN:227,_ZNSsC2IPcEET_S1_RKSaIcE
FN:692,_ZStplIcSt11char_traitsIcESaIcEESbIT_T0_T1_EPKS3_RKS6_
FNDA:0,_ZNSs12_S_constructIPcEES0_T_S1_RKSaIcESt20forward_iterator_tag
FNDA:0,_ZNSsC2IPcEET_S1_RKSaIcE
FNDA:0,_ZStplIcSt11char_traitsIcESaIcEESbIT_T0_T1_EPKS3_RKS6_
FNF:3
FNH:0
DA:123,0
DA:128,0
DA:129,0
DA:132,0
DA:133,0
DA:136,0
DA:138,0
DA:140,0
DA:141,=====
DA:143,=====
DA:144,=====
DA:146,0
DA:147,0
DA:227,0
DA:229,0
DA:230,0
DA:692,0
DA:698,0
DA:699,0
DA:700,0
DA:701,0
DA:702,0
DA:703,0
LF:23
LH:0
end_of_record
SF:/usr/include/c++/4.8/bits/char_traits.h
FN:242,_ZNSt11char_traitsIcE6assignERcRKc
FN:258,_ZNSt11char_traitsIcE6lengthEPKc
FN:270,_ZNSt11char_traitsIcE4copyEPcPKcm
FNDA:0,_ZNSt11char_traitsIcE6assignERcRKc
FNDA:0,_ZNSt11char_traitsIcE6lengthEPKc
FNDA:0,_ZNSt11char_traitsIcE4copyEPcPKcm
FNF:3
FNH:0
DA:242,0
DA:243,0
DA:258,0
DA:259,0
DA:270,0
DA:271,0
LF:6
LH:0
end_of_record
SF:/usr/include/c++/4.8/bits/ios_base.h
FN:119,_ZStorSt13_Ios_OpenmodeS_
FNDA:0,_ZStorSt13_Ios_OpenmodeS_
FNF:1
FNH:0
DA:119,0
DA:120,0
LF:2
LH:0
end_of_record
SF:/usr/include/c++/4.8/bits/move.h
FN:47,_ZSt11__addressofISt4pairISsSsEEPT_RS2_
FNDA:0,_ZSt11__addressofISt4pairISsSsEEPT_RS2_
FNF:1
FNH:0
DA:47,0
DA:50,0
LF:2
LH:0
end_of_record
SF:/usr/include/c++/4.8/bits/stl_construct.h
FN:79,_ZSt10_ConstructISt4pairISsSsES1_EvPT_RKT0_
FN:92,_ZSt8_DestroyISt4pairISsSsEEvPT_
FN:100,_ZNSt12_Destroy_auxILb0EE9__destroyIPSt4pairISsSsEEEvT_S5_
FN:122,_ZSt8_DestroyIPSt4pairISsSsEEvT_S3_
FNDA:0,_ZSt10_ConstructISt4pairISsSsES1_EvPT_RKT0_
FNDA:0,_ZSt8_DestroyISt4pairISsSsEEvPT_
FNDA:0,_ZNSt12_Destroy_auxILb0EE9__destroyIPSt4pairISsSsEEEvT_S5_
FNDA:0,_ZSt8_DestroyIPSt4pairISsSsEEvT_S3_
FNF:4
FNH:0
DA:79,0
DA:83,0
DA:84,0
DA:92,0
DA:93,0
DA:100,0
DA:102,0
DA:103,0
DA:104,0
DA:122,0
DA:126,0
DA:128,0
LF:12
LH:0
end_of_record
SF:/usr/include/c++/4.8/bits/stl_iterator.h
FN:726,_ZN9__gnu_cxx17__normal_iteratorIPKSt4pairISsSsESt6vectorIS2_SaIS2_EEEC2ERKS4_
FN:738,_ZNK9__gnu_cxx17__normal_iteratorIPKSt4pairISsSsESt6vectorIS2_SaIS2_EEEdeEv
FN:746,_ZN9__gnu_cxx17__normal_iteratorIPKSt4pairISsSsESt6vectorIS2_SaIS2_EEEppEv
FN:790,_ZNK9__gnu_cxx17__normal_iteratorIPKSt4pairISsSsESt6vectorIS2_SaIS2_EEE4baseEv
FN:823,_ZN9__gnu_cxxneIPKSt4pairISsSsESt6vectorIS2_SaIS2_EEEEbRKNS_17__normal_iteratorIT_T0_EESD_
FNDA:2,_ZN9__gnu_cxx17__normal_iteratorIPKSt4pairISsSsESt6vectorIS2_SaIS2_EEEC2ERKS4_
FNDA:0,_ZNK9__gnu_cxx17__normal_iteratorIPKSt4pairISsSsESt6vectorIS2_SaIS2_EEEdeEv
FNDA:0,_ZN9__gnu_cxx17__normal_iteratorIPKSt4pairISsSsESt6vectorIS2_SaIS2_EEEppEv
FNDA:2,_ZNK9__gnu_cxx17__normal_iteratorIPKSt4pairISsSsESt6vectorIS2_SaIS2_EEE4baseEv
FNDA:1,_ZN9__gnu_cxxneIPKSt4pairISsSsESt6vectorIS2_SaIS2_EEEEbRKNS_17__normal_iteratorIT_T0_EESD_
FNF:5
FNH:3
DA:726,2
DA:738,0
DA:739,0
DA:746,0
DA:748,0
DA:749,0
DA:790,2
DA:791,2
DA:823,1
DA:825,1
LF:10
LH:5
end_of_record
SF:/usr/include/c++/4.8/bits/stl_iterator_base_funcs.h
FN:90,_ZSt10__distanceIPcENSt15iterator_traitsIT_E15difference_typeES2_S2_St26random_access_iterator_tag
FN:114,_ZSt8distanceIPcENSt15iterator_traitsIT_E15difference_typeES2_S2_
FNDA:0,_ZSt10__distanceIPcENSt15iterator_traitsIT_E15difference_typeES2_S2_St26random_access_iterator_tag
FNDA:0,_ZSt8distanceIPcENSt15iterator_traitsIT_E15difference_typeES2_S2_
FNF:2
FNH:0
DA:90,0
DA:96,0
DA:114,0
DA:118,0
LF:4
LH:0
end_of_record
SF:/usr/include/c++/4.8/bits/stl_iterator_base_types.h
FN:201,_ZSt19__iterator_categoryIPcENSt15iterator_traitsIT_E17iterator_categoryERKS2_
FNDA:0,_ZSt19__iterator_categoryIPcENSt15iterator_traitsIT_E17iterator_categoryERKS2_
FNF:1
FNH:0
DA:201,0
DA:202,0
LF:2
LH:0
end_of_record
SF:/usr/include/c++/4.8/bits/stl_pair.h
FN:96,_ZNSt4pairISsSsED2Ev
FN:96,_ZNSt4pairISsSsEC2ERKS0_
FNDA:0,_ZNSt4pairISsSsED2Ev
FNDA:0,_ZNSt4pairISsSsEC2ERKS0_
FNF:2
FNH:0
DA:96,0
LF:1
LH:0
end_of_record
SF:/usr/include/c++/4.8/bits/stl_uninitialized.h
FN:68,_ZNSt20__uninitialized_copyILb0EE13__uninit_copyIN9__gnu_cxx17__normal_iteratorIPKSt4pairISsSsESt6vectorIS5_SaIS5_EEEEPS5_EET0_T_SE_SD_
FN:107,_ZSt18uninitialized_copyIN9__gnu_cxx17__normal_iteratorIPKSt4pairISsSsESt6vectorIS3_SaIS3_EEEEPS3_ET0_T_SC_SB_
FN:256,_ZSt22__uninitialized_copy_aIN9__gnu_cxx17__normal_iteratorIPKSt4pairISsSsESt6vectorIS3_SaIS3_EEEEPS3_S3_ET0_T_SC_SB_RSaIT1_E
FNDA:1,_ZNSt20__uninitialized_copyILb0EE13__uninit_copyIN9__gnu_cxx17__normal_iteratorIPKSt4pairISsSsESt6vectorIS5_SaIS5_EEEEPS5_EET0_T_SE_SD_
FNDA:1,_ZSt18uninitialized_copyIN9__gnu_cxx17__normal_iteratorIPKSt4pairISsSsESt6vectorIS3_SaIS3_EEEEPS3_ET0_T_SC_SB_
FNDA:1,_ZSt22__uninitialized_copy_aIN9__gnu_cxx17__normal_iteratorIPKSt4pairISsSsESt6vectorIS3_SaIS3_EEEEPS3_S3_ET0_T_SC_SB_RSaIT1_E
FNF:3
FNH:3
DA:68,1
DA:71,1
DA:74,1
DA:75,0
DA:76,1
DA:78,=====
DA:80,=====
DA:81,=====
DA:107,1
DA:117,1
DA:256,1
DA:258,1
LF:12
LH:8
end_of_record
SF:/usr/include/c++/4.8/bits/stl_vector.h
FN:79,_ZNSt12_Vector_baseISt4pairISsSsESaIS1_EE12_Vector_implD2Ev
FN:90,_ZNSt12_Vector_baseISt4pairISsSsESaIS1_EE12_Vector_implC2ERKS2_
FN:113,_ZNSt12_Vector_baseISt4pairISsSsESaIS1_EE19_M_get_Tp_allocatorEv
FN:117,_ZNKSt12_Vector_baseISt4pairISsSsESaIS1_EE19_M_get_Tp_allocatorEv
FN:134,_ZNSt12_Vector_baseISt4pairISsSsESaIS1_EEC2EmRKS2_
FN:159,_ZNSt12_Vector_baseISt4pairISsSsESaIS1_EED2Ev
FN:167,_ZNSt12_Vector_baseISt4pairISsSsESaIS1_EE11_M_allocateEm
FN:171,_ZNSt12_Vector_baseISt4pairISsSsESaIS1_EE13_M_deallocateEPS1_m
FN:179,_ZNSt12_Vector_baseISt4pairISsSsESaIS1_EE17_M_create_storageEm
FN:310,_ZNSt6vectorISt4pairISsSsESaIS1_EEC2ERKS3_
FN:547,_ZNKSt6vectorISt4pairISsSsESaIS1_EE5beginEv
FN:565,_ZNKSt6vectorISt4pairISsSsESaIS1_EE3endEv
FN:645,_ZNKSt6vectorISt4pairISsSsESaIS1_EE4sizeEv
FNDA:0,_ZNSt12_Vector_baseISt4pairISsSsESaIS1_EE12_Vector_implD2Ev
FNDA:1,_ZNSt12_Vector_baseISt4pairISsSsESaIS1_EE12_Vector_implC2ERKS2_
FNDA:1,_ZNSt12_Vector_baseISt4pairISsSsESaIS1_EE19_M_get_Tp_allocatorEv
FNDA:1,_ZNKSt12_Vector_baseISt4pairISsSsESaIS1_EE19_M_get_Tp_allocatorEv
FNDA:1,_ZNSt12_Vector_baseISt4pairISsSsESaIS1_EEC2EmRKS2_
FNDA:0,_ZNSt12_Vector_baseISt4pairISsSsESaIS1_EED2Ev
FNDA:1,_ZNSt12_Vector_baseISt4pairISsSsESaIS1_EE11_M_allocateEm
FNDA:0,_ZNSt12_Vector_baseISt4pairISsSsESaIS1_EE13_M_deallocateEPS1_m
FNDA:1,_ZNSt12_Vector_baseISt4pairISsSsESaIS1_EE17_M_create_storageEm
FNDA:1,_ZNSt6vectorISt4pairISsSsESaIS1_EEC2ERKS3_
FNDA:1,_ZNKSt6vectorISt4pairISsSsESaIS1_EE5beginEv
FNDA:1,_ZNKSt6vectorISt4pairISsSsESaIS1_EE3endEv
FNDA:1,_ZNKSt6vectorISt4pairISsSsESaIS1_EE4sizeEv
FNF:13
FNH:10
DA:79,0
DA:90,1
DA:91,1
DA:92,1
DA:113,1
DA:114,1
DA:117,1
DA:118,1
DA:134,1
DA:135,1
DA:136,1
DA:159,0
DA:160,0
DA:161,0
DA:167,1
DA:168,1
DA:171,0
DA:173,0
DA:174,0
DA:175,0
DA:179,1
DA:181,1
DA:182,1
DA:183,1
DA:184,1
DA:310,1
DA:312,1
DA:313,1
DA:316,1
DA:317,1
DA:547,1
DA:548,1
DA:565,1
DA:566,1
DA:645,1
DA:646,1
LF:36
LH:28
end_of_record
SF:/usr/include/c++/4.8/ext/alloc_traits.h
FN:224,_ZN9__gnu_cxx14__alloc_traitsISaISt4pairISsSsEEE17_S_select_on_copyERKS3_
FNDA:1,_ZN9__gnu_cxx14__alloc_traitsISaISt4pairISsSsEEE17_S_select_on_copyERKS3_
FNF:1
FNH:1
DA:224,1
LF:1
LH:1
end_of_record
SF:/usr/include/c++/4.8/ext/atomicity.h
FN:48,_ZN9__gnu_cxxL18__exchange_and_addEPVii
FN:65,_ZN9__gnu_cxxL25__exchange_and_add_singleEPii
FN:78,_ZN9__gnu_cxxL27__exchange_and_add_dispatchEPii
FNDA:0,_ZN9__gnu_cxxL18__exchange_and_addEPVii
FNDA:0,_ZN9__gnu_cxxL25__exchange_and_add_singleEPii
FNDA:0,_ZN9__gnu_cxxL27__exchange_and_add_dispatchEPii
FNF:3
FNH:0
DA:48,0
DA:49,0
DA:65,0
DA:67,0
DA:68,0
DA:69,0
DA:78,0
DA:81,0
DA:82,0
DA:84,0
LF:10
LH:0
end_of_record
SF:/usr/include/c++/4.8/ext/new_allocator.h
FN:79,_ZN9__gnu_cxx13new_allocatorIcEC2Ev
FN:81,_ZN9__gnu_cxx13new_allocatorIcEC2ERKS1_
FN:81,_ZN9__gnu_cxx13new_allocatorISt4pairISsSsEEC2ERKS3_
FN:86,_ZN9__gnu_cxx13new_allocatorISt4pairISsSsEED2Ev
FN:86,_ZN9__gnu_cxx13new_allocatorIcED2Ev
FN:99,_ZN9__gnu_cxx13new_allocatorISt4pairISsSsEE8allocateEmPKv
FN:109,_ZN9__gnu_cxx13new_allocatorISt4pairISsSsEE10deallocateEPS2_m
FN:113,_ZNK9__gnu_cxx13new_allocatorISt4pairISsSsEE8max_sizeEv
FNDA:0,_ZN9__gnu_cxx13new_allocatorIcEC2Ev
FNDA:1,_ZN9__gnu_cxx13new_allocatorISt4pairISsSsEEC2ERKS3_
FNDA:0,_ZN9__gnu_cxx13new_allocatorIcEC2ERKS1_
FNDA:0,_ZN9__gnu_cxx13new_allocatorISt4pairISsSsEED2Ev
FNDA:0,_ZN9__gnu_cxx13new_allocatorIcED2Ev
FNDA:0,_ZN9__gnu_cxx13new_allocatorISt4pairISsSsEE8allocateEmPKv
FNDA:0,_ZN9__gnu_cxx13new_allocatorISt4pairISsSsEE10deallocateEPS2_m
FNDA:0,_ZNK9__gnu_cxx13new_allocatorISt4pairISsSsEE8max_sizeEv
FNF:8
FNH:1
DA:79,0
DA:81,1
DA:86,0
DA:99,0
DA:101,0
DA:102,0
DA:104,0
DA:109,0
DA:110,0
DA:113,0
DA:114,0
LF:11
LH:1
end_of_record
SF:/usr/include/c++/4.8/ext/type_traits.h
FN:150,_ZN9__gnu_cxx17__is_null_pointerIcEEbPT_
FNDA:0,_ZN9__gnu_cxx17__is_null_pointerIcEEbPT_
FNF:1
FNH:0
DA:150,0
DA:151,0
LF:2
LH:0
end_of_record
SF:/usr/include/c++/4.8/iostream
DA:74,1
LF:1
LH:1
end_of_record
SF:/usr/include/c++/4.8/new
FN:109,_ZnwmPv
FN:115,_ZdlPvS_
FNDA:0,_ZnwmPv
FNDA:0,_ZdlPvS_
FNF:2
FNH:0
DA:109,0
DA:110,0
DA:115,0
LF:3
LH:0
end_of_record
SF:/usr/include/c++/4.8/sstream
FN:64,_ZNSt15basic_stringbufIcSt11char_traitsIcESaIcEED0Ev
FN:64,_ZNSt15basic_stringbufIcSt11char_traitsIcESaIcEED2Ev
FNDA:0,_ZNSt15basic_stringbufIcSt11char_traitsIcESaIcEED0Ev
FNDA:0,_ZNSt15basic_stringbufIcSt11char_traitsIcESaIcEED2Ev
FNF:2
FNH:0
DA:64,0
LF:1
LH:0
end_of_record
SF:/usr/include/cppunit/AdditionalMessage.h
FN:39,_ZN7CppUnit17AdditionalMessageD2Ev
FNDA:1,_ZN7CppUnit17AdditionalMessageD2Ev
FNF:1
FNH:1
DA:39,1
LF:1
LH:1
end_of_record
SF:/usr/include/cppunit/TestAssert.h
FN:47,_ZN7CppUnit16assertion_traitsI6MatrixE5equalERKS1_S4_
FN:52,_ZN7CppUnit16assertion_traitsI6MatrixE8toStringERKS1_
FN:109,_ZN7CppUnit12assertEqualsI6MatrixEEvRKT_S4_NS_10SourceLineERKSs
FNDA:1,_ZN7CppUnit16assertion_traitsI6MatrixE5equalERKS1_S4_
FNDA:0,_ZN7CppUnit16assertion_traitsI6MatrixE8toStringERKS1_
FNDA:1,_ZN7CppUnit12assertEqualsI6MatrixEEvRKT_S4_NS_10SourceLineERKSs
FNF:3
FNH:2
DA:47,1
DA:49,1
DA:52,0
DA:54,0
DA:61,0
DA:65,0
DA:109,1
DA:114,1
DA:116,0
DA:119,0
DA:121,1
LF:11
LH:5
end_of_record
SF:/usr/include/cppunit/TestCaller.h
FN:149,_ZN7CppUnit10TestCallerI18TestMatrixOperatorEC2ESsMS1_FvvEPS1_
FN:157,_ZN7CppUnit10TestCallerI18TestMatrixOperatorED2Ev
FN:157,_ZN7CppUnit10TestCallerI18TestMatrixOperatorED0Ev
FN:163,_ZN7CppUnit10TestCallerI18TestMatrixOperatorE7runTestEv
FN:175,_ZN7CppUnit10TestCallerI18TestMatrixOperatorE5setUpEv
FN:180,_ZN7CppUnit10TestCallerI18TestMatrixOperatorE8tearDownEv
FNDA:1,_ZN7CppUnit10TestCallerI18TestMatrixOperatorEC2ESsMS1_FvvEPS1_
FNDA:1,_ZN7CppUnit10TestCallerI18TestMatrixOperatorED0Ev
FNDA:1,_ZN7CppUnit10TestCallerI18TestMatrixOperatorED2Ev
FNDA:1,_ZN7CppUnit10TestCallerI18TestMatrixOperatorE7runTestEv
FNDA:1,_ZN7CppUnit10TestCallerI18TestMatrixOperatorE5setUpEv
FNDA:1,_ZN7CppUnit10TestCallerI18TestMatrixOperatorE8tearDownEv
FNF:6
FNH:6
DA:149,1
DA:153,1
DA:155,1
DA:157,2
DA:159,1
DA:160,1
DA:161,3
DA:163,1
DA:166,1
DA:173,1
DA:175,1
DA:177,1
DA:178,1
DA:180,1
DA:182,1
DA:183,1
LF:16
LH:16
end_of_record
SF:/usr/include/cppunit/TestFixture.h
FN:83,_ZN7CppUnit11TestFixtureC2Ev
FN:86,_ZN7CppUnit11TestFixtureD2Ev
FN:86,_ZN7CppUnit11TestFixtureD0Ev
FN:89,_ZN7CppUnit11TestFixture5setUpEv
FN:92,_ZN7CppUnit11TestFixture8tearDownEv
FNDA:1,_ZN7CppUnit11TestFixtureC2Ev
FNDA:0,_ZN7CppUnit11TestFixtureD0Ev
FNDA:1,_ZN7CppUnit11TestFixtureD2Ev
FNDA:0,_ZN7CppUnit11TestFixture5setUpEv
FNDA:0,_ZN7CppUnit11TestFixture8tearDownEv
FNF:5
FNH:2
DA:83,1
DA:86,1
DA:89,0
DA:92,0
LF:4
LH:2
end_of_record
SF:/usr/include/cppunit/extensions/AutoRegisterSuite.h
FN:33,_ZN7CppUnit17AutoRegisterSuiteI18TestMatrixOperatorEC2Ev
FN:48,_ZN7CppUnit17AutoRegisterSuiteI18TestMatrixOperatorED2Ev
FNDA:1,_ZN7CppUnit17AutoRegisterSuiteI18TestMatrixOperatorEC2Ev
FNDA:0,_ZN7CppUnit17AutoRegisterSuiteI18TestMatrixOperatorED2Ev
FNF:2
FNH:1
DA:33,1
DA:34,1
DA:36,1
DA:37,1
DA:48,0
DA:50,0
DA:51,0
DA:52,0
LF:8
LH:4
end_of_record
SF:/usr/include/cppunit/extensions/TestFactory.h
FN:13,_ZN7CppUnit11TestFactoryC2Ev
FN:16,_ZN7CppUnit11TestFactoryD2Ev
FN:16,_ZN7CppUnit11TestFactoryD0Ev
FNDA:1,_ZN7CppUnit11TestFactoryC2Ev
FNDA:0,_ZN7CppUnit11TestFactoryD0Ev
FNDA:0,_ZN7CppUnit11TestFactoryD2Ev
FNF:3
FNH:1
DA:13,1
DA:16,0
LF:2
LH:1
end_of_record
SF:/usr/include/cppunit/extensions/TestFixtureFactory.h
FN:16,_ZN7CppUnit18TestFixtureFactoryC2Ev
FN:22,_ZN7CppUnit18TestFixtureFactoryD0Ev
FN:22,_ZN7CppUnit18TestFixtureFactoryD2Ev
FN:31,_ZN7CppUnit25ConcretTestFixtureFactoryI18TestMatrixOperatorED2Ev
FN:31,_ZN7CppUnit25ConcretTestFixtureFactoryI18TestMatrixOperatorED0Ev
FN:31,_ZN7CppUnit25ConcretTestFixtureFactoryI18TestMatrixOperatorEC2Ev
FN:39,_ZN7CppUnit25ConcretTestFixtureFactoryI18TestMatrixOperatorE11makeFixtureEv
FNDA:1,_ZN7CppUnit18TestFixtureFactoryC2Ev
FNDA:0,_ZN7CppUnit18TestFixtureFactoryD0Ev
FNDA:1,_ZN7CppUnit18TestFixtureFactoryD2Ev
FNDA:0,_ZN7CppUnit25ConcretTestFixtureFactoryI18TestMatrixOperatorED0Ev
FNDA:1,_ZN7CppUnit25ConcretTestFixtureFactoryI18TestMatrixOperatorED2Ev
FNDA:1,_ZN7CppUnit25ConcretTestFixtureFactoryI18TestMatrixOperatorEC2Ev
FNDA:1,_ZN7CppUnit25ConcretTestFixtureFactoryI18TestMatrixOperatorE11makeFixtureEv
FNF:7
FNH:5
DA:16,1
DA:22,1
DA:31,2
DA:39,1
DA:41,1
LF:5
LH:5
end_of_record
SF:/usr/include/cppunit/extensions/TestSuiteBuilderContext.h
FN:29,_ZN7CppUnit27TestSuiteBuilderContextBaseC2ERKS0_
FN:100,_ZN7CppUnit23TestSuiteBuilderContextI18TestMatrixOperatorED0Ev
FN:100,_ZN7CppUnit23TestSuiteBuilderContextI18TestMatrixOperatorED2Ev
FN:105,_ZN7CppUnit23TestSuiteBuilderContextI18TestMatrixOperatorEC2ERNS_27TestSuiteBuilderContextBaseE
FN:116,_ZNK7CppUnit23TestSuiteBuilderContextI18TestMatrixOperatorE11makeFixtureEv
FNDA:1,_ZN7CppUnit27TestSuiteBuilderContextBaseC2ERKS0_
FNDA:0,_ZN7CppUnit23TestSuiteBuilderContextI18TestMatrixOperatorED0Ev
FNDA:1,_ZN7CppUnit23TestSuiteBuilderContextI18TestMatrixOperatorED2Ev
FNDA:1,_ZN7CppUnit23TestSuiteBuilderContextI18TestMatrixOperatorEC2ERNS_27TestSuiteBuilderContextBaseE
FNDA:1,_ZNK7CppUnit23TestSuiteBuilderContextI18TestMatrixOperatorE11makeFixtureEv
FNF:5
FNH:4
DA:29,1
DA:100,1
DA:105,1
DA:106,1
DA:108,1
DA:116,1
DA:118,1
LF:7
LH:7
end_of_record
SF:/usr/include/cppunit/extensions/TestSuiteFactory.h
FN:15,_ZN7CppUnit16TestSuiteFactoryI18TestMatrixOperatorED2Ev
FN:15,_ZN7CppUnit16TestSuiteFactoryI18TestMatrixOperatorED0Ev
FN:15,_ZN7CppUnit16TestSuiteFactoryI18TestMatrixOperatorEC2Ev
FN:18,_ZN7CppUnit16TestSuiteFactoryI18TestMatrixOperatorE8makeTestEv
FNDA:0,_ZN7CppUnit16TestSuiteFactoryI18TestMatrixOperatorED0Ev
FNDA:0,_ZN7CppUnit16TestSuiteFactoryI18TestMatrixOperatorED2Ev
FNDA:1,_ZN7CppUnit16TestSuiteFactoryI18TestMatrixOperatorEC2Ev
FNDA:1,_ZN7CppUnit16TestSuiteFactoryI18TestMatrixOperatorE8makeTestEv
FNF:4
FNH:2
DA:15,1
DA:18,1
DA:20,1
LF:3
LH:3
end_of_record
SF:/usr/include/x86_64-linux-gnu/c++/4.8/bits/gthr-default.h
FN:247,_ZL18__gthread_active_pv
FNDA:0,_ZL18__gthread_active_pv
FNF:1
FNH:0
DA:247,0
DA:251,0
LF:2
LH:0
end_of_record
SF:/home/chung/Documents/MATLAB/ForBES/ForBESC/MatrixOperator.h
FN:30,_ZN14MatrixOperatorC2ER6Matrix
FNDA:1,_ZN14MatrixOperatorC2ER6Matrix
FNF:1
FNH:1
DA:30,1
DA:31,1
DA:32,1
LF:3
LH:3
end_of_record
TN:
SF:/home/chung/Documents/MATLAB/ForBES/ForBESC/tests/TestMatrixOperatorRunner.cpp
FN:15,main
FN:37,_GLOBAL__sub_I_main
FN:37,_Z41__static_initialization_and_destruction_0ii
FNDA:1,main
FNDA:1,_GLOBAL__sub_I_main
FNDA:1,_Z41__static_initialization_and_destruction_0ii
FNF:3
FNH:3
DA:15,1
DA:17,1
DA:20,2
DA:21,1
DA:24,2
DA:25,1
DA:28,2
DA:29,1
DA:30,1
DA:33,2
DA:34,1
DA:36,2
DA:37,3
LF:13
LH:13
end_of_record
SF:/usr/include/c++/4.8/bits/basic_string.h
FN:272,_ZNSs12_Alloc_hiderD2Ev
FNDA:0,_ZNSs12_Alloc_hiderD2Ev
FNF:1
FNH:0
DA:272,0
LF:1
LH:0
end_of_record
SF:/usr/include/c++/4.8/ext/atomicity.h
FN:48,_ZN9__gnu_cxxL18__exchange_and_addEPVii
FN:65,_ZN9__gnu_cxxL25__exchange_and_add_singleEPii
FN:78,_ZN9__gnu_cxxL27__exchange_and_add_dispatchEPii
FNDA:0,_ZN9__gnu_cxxL18__exchange_and_addEPVii
FNDA:0,_ZN9__gnu_cxxL25__exchange_and_add_singleEPii
FNDA:0,_ZN9__gnu_cxxL27__exchange_and_add_dispatchEPii
FNF:3
FNH:0
DA:48,0
DA:49,0
DA:65,0
DA:67,0
DA:68,0
DA:69,0
DA:78,0
DA:81,0
DA:82,0
DA:84,0
LF:10
LH:0
end_of_record
SF:/usr/include/c++/4.8/ext/new_allocator.h
FN:79,_ZN9__gnu_cxx13new_allocatorIcEC2Ev
FN:81,_ZN9__gnu_cxx13new_allocatorIcEC2ERKS1_
FN:86,_ZN9__gnu_cxx13new_allocatorIcED2Ev
FNDA:0,_ZN9__gnu_cxx13new_allocatorIcEC2Ev
FNDA:0,_ZN9__gnu_cxx13new_allocatorIcEC2ERKS1_
FNDA:0,_ZN9__gnu_cxx13new_allocatorIcED2Ev
FNF:3
FNH:0
DA:79,0
DA:81,0
DA:86,0
LF:3
LH:0
end_of_record
SF:/usr/include/c++/4.8/iostream
DA:74,1
LF:1
LH:1
end_of_record
SF:/usr/include/cppunit/portability/Stream.h
FN:332,_ZN7CppUnit7stdCOutEv
FNDA:1,_ZN7CppUnit7stdCOutEv
FNF:1
FNH:1
DA:332,1
DA:334,1
LF:2
LH:2
end_of_record
SF:/usr/include/x86_64-linux-gnu/c++/4.8/bits/gthr-default.h
FN:247,_ZL18__gthread_active_pv
FNDA:0,_ZL18__gthread_active_pv
FNF:1
FNH:0
DA:247,0
DA:251,0
LF:2
LH:0
end_of_record
TN:
SF:/usr/include/c++/4.8/bits/basic_string.h
FN:272,_ZNSs12_Alloc_hiderD2Ev
FNDA:0,_ZNSs12_Alloc_hiderD2Ev
FNF:1
FNH:0
DA:272,0
LF:1
LH:0
end_of_record
SF:/usr/include/c++/4.8/ext/atomicity.h
FN:48,_ZN9__gnu_cxxL18__exchange_and_addEPVii
FN:65,_ZN9__gnu_cxxL25__exchange_and_add_singleEPii
FN:78,_ZN9__gnu_cxxL27__exchange_and_add_dispatchEPii
FNDA:0,_ZN9__gnu_cxxL18__exchange_and_addEPVii
FNDA:0,_ZN9__gnu_cxxL25__exchange_and_add_singleEPii
FNDA:0,_ZN9__gnu_cxxL27__exchange_and_add_dispatchEPii
FNF:3
FNH:0
DA:48,0
DA:49,0
DA:65,0
DA:67,0
DA:68,0
DA:69,0
DA:78,0
DA:81,0
DA:82,0
DA:84,0
LF:10
LH:0
end_of_record
SF:/usr/include/c++/4.8/ext/new_allocator.h
FN:79,_ZN9__gnu_cxx13new_allocatorIcEC2Ev
FN:81,_ZN9__gnu_cxx13new_allocatorIcEC2ERKS1_
FN:86,_ZN9__gnu_cxx13new_allocatorIcED2Ev
FNDA:0,_ZN9__gnu_cxx13new_allocatorIcEC2Ev
FNDA:0,_ZN9__gnu_cxx13new_allocatorIcEC2ERKS1_
FNDA:0,_ZN9__gnu_cxx13new_allocatorIcED2Ev
FNF:3
FNH:0
DA:79,0
DA:81,0
DA:86,0
LF:3
LH:0
end_of_record
SF:/usr/include/c++/4.8/iostream
DA:74,1
LF:1
LH:1
end_of_record
SF:/usr/include/cppunit/portability/Stream.h
FN:332,_ZN7CppUnit7stdCOutEv
FNDA:1,_ZN7CppUnit7stdCOutEv
FNF:1
FNH:1
DA:332,1
DA:334,1
LF:2
LH:2
end_of_record
SF:/usr/include/x86_64-linux-gnu/c++/4.8/bits/gthr-default.h
FN:247,_ZL18__gthread_active_pv
FNDA:0,_ZL18__gthread_active_pv
FNF:1
FNH:0
DA:247,0
DA:251,0
LF:2
LH:0
end_of_record
SF:/home/chung/Documents/MATLAB/ForBES/ForBESC/tests/TestQuadraticOperatorRunner.cpp
FN:15,main
FN:37,_GLOBAL__sub_I_main
FN:37,_Z41__static_initialization_and_destruction_0ii
FNDA:1,main
FNDA:1,_GLOBAL__sub_I_main
FNDA:1,_Z41__static_initialization_and_destruction_0ii
FNF:3
FNH:3
DA:15,1
DA:17,1
DA:20,2
DA:21,1
DA:24,2
DA:25,1
DA:28,2
DA:29,1
DA:30,1
DA:33,2
DA:34,1
DA:36,2
DA:37,3
LF:13
LH:13
end_of_record
TN:
SF:/usr/include/c++/4.8/bits/basic_string.h
FN:272,_ZNSs12_Alloc_hiderD2Ev
FNDA:0,_ZNSs12_Alloc_hiderD2Ev
FNF:1
FNH:0
DA:272,0
LF:1
LH:0
end_of_record
SF:/usr/include/c++/4.8/ext/atomicity.h
FN:48,_ZN9__gnu_cxxL18__exchange_and_addEPVii
FN:65,_ZN9__gnu_cxxL25__exchange_and_add_singleEPii
FN:78,_ZN9__gnu_cxxL27__exchange_and_add_dispatchEPii
FNDA:0,_ZN9__gnu_cxxL18__exchange_and_addEPVii
FNDA:0,_ZN9__gnu_cxxL25__exchange_and_add_singleEPii
FNDA:0,_ZN9__gnu_cxxL27__exchange_and_add_dispatchEPii
FNF:3
FNH:0
DA:48,0
DA:49,0
DA:65,0
DA:67,0
DA:68,0
DA:69,0
DA:78,0
DA:81,0
DA:82,0
DA:84,0
LF:10
LH:0
end_of_record
SF:/usr/include/c++/4.8/ext/new_allocator.h
FN:79,_ZN9__gnu_cxx13new_allocatorIcEC2Ev
FN:81,_ZN9__gnu_cxx13new_allocatorIcEC2ERKS1_
FN:86,_ZN9__gnu_cxx13new_allocatorIcED2Ev
FNDA:0,_ZN9__gnu_cxx13new_allocatorIcEC2Ev
FNDA:0,_ZN9__gnu_cxx13new_allocatorIcEC2ERKS1_
FNDA:0,_ZN9__gnu_cxx13new_allocatorIcED2Ev
FNF:3
FNH:0
DA:79,0
DA:81,0
DA:86,0
LF:3
LH:0
end_of_record
SF:/usr/include/c++/4.8/iostream
DA:74,1
LF:1
LH:1
end_of_record
SF:/usr/include/cppunit/portability/Stream.h
FN:332,_ZN7CppUnit7stdCOutEv
FNDA:1,_ZN7CppUnit7stdCOutEv
FNF:1
FNH:1
DA:332,1
DA:334,1
LF:2
LH:2
end_of_record
SF:/usr/include/x86_64-linux-gnu/c++/4.8/bits/gthr-default.h
FN:247,_ZL18__gthread_active_pv
FNDA:0,_ZL18__gthread_active_pv
FNF:1
FNH:0
DA:247,0
DA:251,0
LF:2
LH:0
end_of_record
SF:/home/chung/Documents/MATLAB/ForBES/ForBESC/tests/TestQuadraticRunner.cpp
FN:15,main
FN:37,_Z41__static_initialization_and_destruction_0ii
FN:37,_GLOBAL__sub_I_main
FNDA:1,main
FNDA:1,_GLOBAL__sub_I_main
FNDA:1,_Z41__static_initialization_and_destruction_0ii
FNF:3
FNH:3
DA:15,1
DA:17,1
DA:20,2
DA:21,1
DA:24,2
DA:25,1
DA:28,2
DA:29,1
DA:30,1
DA:33,2
DA:34,1
DA:36,2
DA:37,3
LF:13
LH:13
end_of_record
TN:
SF:/usr/include/c++/4.8/bits/allocator.h
FN:115,_ZNSaISt4pairISsSsEEC2ERKS1_
FN:121,_ZNSaISt4pairISsSsEED2Ev
FN:133,_ZSteqIcEbRKSaIT_ES3_
FNDA:1,_ZNSaISt4pairISsSsEEC2ERKS1_
FNDA:0,_ZNSaISt4pairISsSsEED2Ev
FNDA:0,_ZSteqIcEbRKSaIT_ES3_
FNF:3
FNH:1
DA:115,1
DA:116,1
DA:121,0
DA:133,0
DA:134,0
LF:5
LH:2
end_of_record
SF:/usr/include/c++/4.8/bits/basic_string.h
FN:272,_ZNSs12_Alloc_hiderD2Ev
FN:1721,_ZNSs16_S_construct_auxIPcEES0_T_S1_RKSaIcESt12__false_type
FN:1743,_ZNSs12_S_constructIPcEES0_T_S1_RKSaIcE
FN:2402,_ZStplIcSt11char_traitsIcESaIcEESbIT_T0_T1_ERKS6_PKS3_
FNDA:0,_ZNSs12_Alloc_hiderD2Ev
FNDA:0,_ZNSs16_S_construct_auxIPcEES0_T_S1_RKSaIcESt12__false_type
FNDA:0,_ZNSs12_S_constructIPcEES0_T_S1_RKSaIcE
FNDA:0,_ZStplIcSt11char_traitsIcESaIcEESbIT_T0_T1_ERKS6_PKS3_
FNF:4
FNH:0
DA:272,0
DA:1721,0
DA:1725,0
DA:1743,0
DA:1746,0
DA:2402,0
DA:2405,0
DA:2406,0
DA:2407,0
LF:9
LH:0
end_of_record
SF:/usr/include/c++/4.8/bits/basic_string.tcc
FN:123,_ZNSs12_S_constructIPcEES0_T_S1_RKSaIcESt20forward_iterator_tag
FN:227,_ZNSsC2IPcEET_S1_RKSaIcE
FN:692,_ZStplIcSt11char_traitsIcESaIcEESbIT_T0_T1_EPKS3_RKS6_
FNDA:0,_ZNSs12_S_constructIPcEES0_T_S1_RKSaIcESt20forward_iterator_tag
FNDA:0,_ZNSsC2IPcEET_S1_RKSaIcE
FNDA:0,_ZStplIcSt11char_traitsIcESaIcEESbIT_T0_T1_EPKS3_RKS6_
FNF:3
FNH:0
DA:123,0
DA:128,0
DA:129,0
DA:132,0
DA:133,0
DA:136,0
DA:138,0
DA:140,0
DA:141,=====
DA:143,=====
DA:144,=====
DA:146,0
DA:147,0
DA:227,0
DA:229,0
DA:230,0
DA:692,0
DA:698,0
DA:699,0
DA:700,0
DA:701,0
DA:702,0
DA:703,0
LF:23
LH:0
end_of_record
SF:/usr/include/c++/4.8/bits/char_traits.h
FN:242,_ZNSt11char_traitsIcE6assignERcRKc
FN:258,_ZNSt11char_traitsIcE6lengthEPKc
FN:270,_ZNSt11char_traitsIcE4copyEPcPKcm
FNDA:0,_ZNSt11char_traitsIcE6assignERcRKc
FNDA:0,_ZNSt11char_traitsIcE6lengthEPKc
FNDA:0,_ZNSt11char_traitsIcE4copyEPcPKcm
FNF:3
FNH:0
DA:242,0
DA:243,0
DA:258,0
DA:259,0
DA:270,0
DA:271,0
LF:6
LH:0
end_of_record
SF:/usr/include/c++/4.8/bits/ios_base.h
FN:119,_ZStorSt13_Ios_OpenmodeS_
FNDA:0,_ZStorSt13_Ios_OpenmodeS_
FNF:1
FNH:0
DA:119,0
DA:120,0
LF:2
LH:0
end_of_record
SF:/usr/include/c++/4.8/bits/move.h
FN:47,_ZSt11__addressofISt4pairISsSsEEPT_RS2_
FNDA:0,_ZSt11__addressofISt4pairISsSsEEPT_RS2_
FNF:1
FNH:0
DA:47,0
DA:50,0
LF:2
LH:0
end_of_record
SF:/usr/include/c++/4.8/bits/stl_construct.h
FN:79,_ZSt10_ConstructISt4pairISsSsES1_EvPT_RKT0_
FN:92,_ZSt8_DestroyISt4pairISsSsEEvPT_
FN:100,_ZNSt12_Destroy_auxILb0EE9__destroyIPSt4pairISsSsEEEvT_S5_
FN:122,_ZSt8_DestroyIPSt4pairISsSsEEvT_S3_
FNDA:0,_ZSt10_ConstructISt4pairISsSsES1_EvPT_RKT0_
FNDA:0,_ZSt8_DestroyISt4pairISsSsEEvPT_
FNDA:0,_ZNSt12_Destroy_auxILb0EE9__destroyIPSt4pairISsSsEEEvT_S5_
FNDA:0,_ZSt8_DestroyIPSt4pairISsSsEEvT_S3_
FNF:4
FNH:0
DA:79,0
DA:83,0
DA:84,0
DA:92,0
DA:93,0
DA:100,0
DA:102,0
DA:103,0
DA:104,0
DA:122,0
DA:126,0
DA:128,0
LF:12
LH:0
end_of_record
SF:/usr/include/c++/4.8/bits/stl_iterator.h
FN:726,_ZN9__gnu_cxx17__normal_iteratorIPKSt4pairISsSsESt6vectorIS2_SaIS2_EEEC2ERKS4_
FN:738,_ZNK9__gnu_cxx17__normal_iteratorIPKSt4pairISsSsESt6vectorIS2_SaIS2_EEEdeEv
FN:746,_ZN9__gnu_cxx17__normal_iteratorIPKSt4pairISsSsESt6vectorIS2_SaIS2_EEEppEv
FN:790,_ZNK9__gnu_cxx17__normal_iteratorIPKSt4pairISsSsESt6vectorIS2_SaIS2_EEE4baseEv
FN:823,_ZN9__gnu_cxxneIPKSt4pairISsSsESt6vectorIS2_SaIS2_EEEEbRKNS_17__normal_iteratorIT_T0_EESD_
FNDA:2,_ZN9__gnu_cxx17__normal_iteratorIPKSt4pairISsSsESt6vectorIS2_SaIS2_EEEC2ERKS4_
FNDA:0,_ZNK9__gnu_cxx17__normal_iteratorIPKSt4pairISsSsESt6vectorIS2_SaIS2_EEEdeEv
FNDA:0,_ZN9__gnu_cxx17__normal_iteratorIPKSt4pairISsSsESt6vectorIS2_SaIS2_EEEppEv
FNDA:2,_ZNK9__gnu_cxx17__normal_iteratorIPKSt4pairISsSsESt6vectorIS2_SaIS2_EEE4baseEv
FNDA:1,_ZN9__gnu_cxxneIPKSt4pairISsSsESt6vectorIS2_SaIS2_EEEEbRKNS_17__normal_iteratorIT_T0_EESD_
FNF:5
FNH:3
DA:726,2
DA:738,0
DA:739,0
DA:746,0
DA:748,0
DA:749,0
DA:790,2
DA:791,2
DA:823,1
DA:825,1
LF:10
LH:5
end_of_record
SF:/usr/include/c++/4.8/bits/stl_iterator_base_funcs.h
FN:90,_ZSt10__distanceIPcENSt15iterator_traitsIT_E15difference_typeES2_S2_St26random_access_iterator_tag
FN:114,_ZSt8distanceIPcENSt15iterator_traitsIT_E15difference_typeES2_S2_
FNDA:0,_ZSt10__distanceIPcENSt15iterator_traitsIT_E15difference_typeES2_S2_St26random_access_iterator_tag
FNDA:0,_ZSt8distanceIPcENSt15iterator_traitsIT_E15difference_typeES2_S2_
FNF:2
FNH:0
DA:90,0
DA:96,0
DA:114,0
DA:118,0
LF:4
LH:0
end_of_record
SF:/usr/include/c++/4.8/bits/stl_iterator_base_types.h
FN:201,_ZSt19__iterator_categoryIPcENSt15iterator_traitsIT_E17iterator_categoryERKS2_
FNDA:0,_ZSt19__iterator_categoryIPcENSt15iterator_traitsIT_E17iterator_categoryERKS2_
FNF:1
FNH:0
DA:201,0
DA:202,0
LF:2
LH:0
end_of_record
SF:/usr/include/c++/4.8/bits/stl_pair.h
FN:96,_ZNSt4pairISsSsEC2ERKS0_
FN:96,_ZNSt4pairISsSsED2Ev
FNDA:0,_ZNSt4pairISsSsED2Ev
FNDA:0,_ZNSt4pairISsSsEC2ERKS0_
FNF:2
FNH:0
DA:96,0
LF:1
LH:0
end_of_record
SF:/usr/include/c++/4.8/bits/stl_uninitialized.h
FN:68,_ZNSt20__uninitialized_copyILb0EE13__uninit_copyIN9__gnu_cxx17__normal_iteratorIPKSt4pairISsSsESt6vectorIS5_SaIS5_EEEEPS5_EET0_T_SE_SD_
FN:107,_ZSt18uninitialized_copyIN9__gnu_cxx17__normal_iteratorIPKSt4pairISsSsESt6vectorIS3_SaIS3_EEEEPS3_ET0_T_SC_SB_
FN:256,_ZSt22__uninitialized_copy_aIN9__gnu_cxx17__normal_iteratorIPKSt4pairISsSsESt6vectorIS3_SaIS3_EEEEPS3_S3_ET0_T_SC_SB_RSaIT1_E
FNDA:1,_ZNSt20__uninitialized_copyILb0EE13__uninit_copyIN9__gnu_cxx17__normal_iteratorIPKSt4pairISsSsESt6vectorIS5_SaIS5_EEEEPS5_EET0_T_SE_SD_
FNDA:1,_ZSt18uninitialized_copyIN9__gnu_cxx17__normal_iteratorIPKSt4pairISsSsESt6vectorIS3_SaIS3_EEEEPS3_ET0_T_SC_SB_
FNDA:1,_ZSt22__uninitialized_copy_aIN9__gnu_cxx17__normal_iteratorIPKSt4pairISsSsESt6vectorIS3_SaIS3_EEEEPS3_S3_ET0_T_SC_SB_RSaIT1_E
FNF:3
FNH:3
DA:68,1
DA:71,1
DA:74,1
DA:75,0
DA:76,1
DA:78,=====
DA:80,=====
DA:81,=====
DA:107,1
DA:117,1
DA:256,1
DA:258,1
LF:12
LH:8
end_of_record
SF:/usr/include/c++/4.8/bits/stl_vector.h
FN:79,_ZNSt12_Vector_baseISt4pairISsSsESaIS1_EE12_Vector_implD2Ev
FN:90,_ZNSt12_Vector_baseISt4pairISsSsESaIS1_EE12_Vector_implC2ERKS2_
FN:113,_ZNSt12_Vector_baseISt4pairISsSsESaIS1_EE19_M_get_Tp_allocatorEv
FN:117,_ZNKSt12_Vector_baseISt4pairISsSsESaIS1_EE19_M_get_Tp_allocatorEv
FN:134,_ZNSt12_Vector_baseISt4pairISsSsESaIS1_EEC2EmRKS2_
FN:159,_ZNSt12_Vector_baseISt4pairISsSsESaIS1_EED2Ev
FN:167,_ZNSt12_Vector_baseISt4pairISsSsESaIS1_EE11_M_allocateEm
FN:171,_ZNSt12_Vector_baseISt4pairISsSsESaIS1_EE13_M_deallocateEPS1_m
FN:179,_ZNSt12_Vector_baseISt4pairISsSsESaIS1_EE17_M_create_storageEm
FN:310,_ZNSt6vectorISt4pairISsSsESaIS1_EEC2ERKS3_
FN:547,_ZNKSt6vectorISt4pairISsSsESaIS1_EE5beginEv
FN:565,_ZNKSt6vectorISt4pairISsSsESaIS1_EE3endEv
FN:645,_ZNKSt6vectorISt4pairISsSsESaIS1_EE4sizeEv
FNDA:0,_ZNSt12_Vector_baseISt4pairISsSsESaIS1_EE12_Vector_implD2Ev
FNDA:1,_ZNSt12_Vector_baseISt4pairISsSsESaIS1_EE12_Vector_implC2ERKS2_
FNDA:1,_ZNSt12_Vector_baseISt4pairISsSsESaIS1_EE19_M_get_Tp_allocatorEv
FNDA:1,_ZNKSt12_Vector_baseISt4pairISsSsESaIS1_EE19_M_get_Tp_allocatorEv
FNDA:1,_ZNSt12_Vector_baseISt4pairISsSsESaIS1_EEC2EmRKS2_
FNDA:0,_ZNSt12_Vector_baseISt4pairISsSsESaIS1_EED2Ev
FNDA:1,_ZNSt12_Vector_baseISt4pairISsSsESaIS1_EE11_M_allocateEm
FNDA:0,_ZNSt12_Vector_baseISt4pairISsSsESaIS1_EE13_M_deallocateEPS1_m
FNDA:1,_ZNSt12_Vector_baseISt4pairISsSsESaIS1_EE17_M_create_storageEm
FNDA:1,_ZNSt6vectorISt4pairISsSsESaIS1_EEC2ERKS3_
FNDA:1,_ZNKSt6vectorISt4pairISsSsESaIS1_EE5beginEv
FNDA:1,_ZNKSt6vectorISt4pairISsSsESaIS1_EE3endEv
FNDA:1,_ZNKSt6vectorISt4pairISsSsESaIS1_EE4sizeEv
FNF:13
FNH:10
DA:79,0
DA:90,1
DA:91,1
DA:92,1
DA:113,1
DA:114,1
DA:117,1
DA:118,1
DA:134,1
DA:135,1
DA:136,1
DA:159,0
DA:160,0
DA:161,0
DA:167,1
DA:168,1
DA:171,0
DA:173,0
DA:174,0
DA:175,0
DA:179,1
DA:181,1
DA:182,1
DA:183,1
DA:184,1
DA:310,1
DA:312,1
DA:313,1
DA:316,1
DA:317,1
DA:547,1
DA:548,1
DA:565,1
DA:566,1
DA:645,1
DA:646,1
LF:36
LH:28
end_of_record
SF:/usr/include/c++/4.8/ext/alloc_traits.h
FN:224,_ZN9__gnu_cxx14__alloc_traitsISaISt4pairISsSsEEE17_S_select_on_copyERKS3_
FNDA:1,_ZN9__gnu_cxx14__alloc_traitsISaISt4pairISsSsEEE17_S_select_on_copyERKS3_
FNF:1
FNH:1
DA:224,1
LF:1
LH:1
end_of_record
SF:/usr/include/c++/4.8/ext/atomicity.h
FN:48,_ZN9__gnu_cxxL18__exchange_and_addEPVii
FN:65,_ZN9__gnu_cxxL25__exchange_and_add_singleEPii
FN:78,_ZN9__gnu_cxxL27__exchange_and_add_dispatchEPii
FNDA:0,_ZN9__gnu_cxxL18__exchange_and_addEPVii
FNDA:0,_ZN9__gnu_cxxL25__exchange_and_add_singleEPii
FNDA:0,_ZN9__gnu_cxxL27__exchange_and_add_dispatchEPii
FNF:3
FNH:0
DA:48,0
DA:49,0
DA:65,0
DA:67,0
DA:68,0
DA:69,0
DA:78,0
DA:81,0
DA:82,0
DA:84,0
LF:10
LH:0
end_of_record
SF:/usr/include/c++/4.8/ext/new_allocator.h
FN:79,_ZN9__gnu_cxx13new_allocatorIcEC2Ev
FN:81,_ZN9__gnu_cxx13new_allocatorISt4pairISsSsEEC2ERKS3_
FN:81,_ZN9__gnu_cxx13new_allocatorIcEC2ERKS1_
FN:86,_ZN9__gnu_cxx13new_allocatorIcED2Ev
FN:86,_ZN9__gnu_cxx13new_allocatorISt4pairISsSsEED2Ev
FN:99,_ZN9__gnu_cxx13new_allocatorISt4pairISsSsEE8allocateEmPKv
FN:109,_ZN9__gnu_cxx13new_allocatorISt4pairISsSsEE10deallocateEPS2_m
FN:113,_ZNK9__gnu_cxx13new_allocatorISt4pairISsSsEE8max_sizeEv
FNDA:0,_ZN9__gnu_cxx13new_allocatorIcEC2Ev
FNDA:1,_ZN9__gnu_cxx13new_allocatorISt4pairISsSsEEC2ERKS3_
FNDA:0,_ZN9__gnu_cxx13new_allocatorIcEC2ERKS1_
FNDA:0,_ZN9__gnu_cxx13new_allocatorISt4pairISsSsEED2Ev
FNDA:0,_ZN9__gnu_cxx13new_allocatorIcED2Ev
FNDA:0,_ZN9__gnu_cxx13new_allocatorISt4pairISsSsEE8allocateEmPKv
FNDA:0,_ZN9__gnu_cxx13new_allocatorISt4pairISsSsEE10deallocateEPS2_m
FNDA:0,_ZNK9__gnu_cxx13new_allocatorISt4pairISsSsEE8max_sizeEv
FNF:8
FNH:1
DA:79,0
DA:81,1
DA:86,0
DA:99,0
DA:101,0
DA:102,0
DA:104,0
DA:109,0
DA:110,0
DA:113,0
DA:114,0
LF:11
LH:1
end_of_record
SF:/usr/include/c++/4.8/ext/type_traits.h
FN:150,_ZN9__gnu_cxx17__is_null_pointerIcEEbPT_
FNDA:0,_ZN9__gnu_cxx17__is_null_pointerIcEEbPT_
FNF:1
FNH:0
DA:150,0
DA:151,0
LF:2
LH:0
end_of_record
SF:/usr/include/c++/4.8/iostream
DA:74,1
LF:1
LH:1
end_of_record
SF:/usr/include/c++/4.8/new
FN:109,_ZnwmPv
FN:115,_ZdlPvS_
FNDA:200,_ZnwmPv
FNDA:0,_ZdlPvS_
FNF:2
FNH:1
DA:109,200
DA:110,200
DA:115,0
LF:3
LH:2
end_of_record
SF:/usr/include/c++/4.8/sstream
FN:64,_ZNSt15basic_stringbufIcSt11char_traitsIcESaIcEED2Ev
FN:64,_ZNSt15basic_stringbufIcSt11char_traitsIcESaIcEED0Ev
FNDA:0,_ZNSt15basic_stringbufIcSt11char_traitsIcESaIcEED0Ev
FNDA:0,_ZNSt15basic_stringbufIcSt11char_traitsIcESaIcEED2Ev
FNF:2
FNH:0
DA:64,0
LF:1
LH:0
end_of_record
SF:/usr/include/cppunit/AdditionalMessage.h
FN:39,_ZN7CppUnit17AdditionalMessageD2Ev
FNDA:23,_ZN7CppUnit17AdditionalMessageD2Ev
FNF:1
FNH:1
DA:39,23
LF:1
LH:1
end_of_record
SF:/usr/include/cppunit/TestAssert.h
FN:47,_ZN7CppUnit16assertion_traitsImE5equalERKmS3_
FN:47,_ZN7CppUnit16assertion_traitsI6MatrixE5equalERKS1_S4_
FN:47,_ZN7CppUnit16assertion_traitsIN6Matrix10MatrixTypeEE5equalERKS2_S5_
FN:47,_ZN7CppUnit16assertion_traitsIiE5equalERKiS3_
FN:52,_ZN7CppUnit16assertion_traitsImE8toStringERKm
FN:52,_ZN7CppUnit16assertion_traitsIiE8toStringERKi
FN:52,_ZN7CppUnit16assertion_traitsI6MatrixE8toStringERKS1_
FN:52,_ZN7CppUnit16assertion_traitsIN6Matrix10MatrixTypeEE8toStringERKS2_
FN:81,_ZN7CppUnit16assertion_traitsIdE5equalEdd
FN:86,_ZN7CppUnit16assertion_traitsIdE8toStringEd
FN:109,_ZN7CppUnit12assertEqualsI6MatrixEEvRKT_S4_NS_10SourceLineERKSs
FN:109,_ZN7CppUnit12assertEqualsImEEvRKT_S3_NS_10SourceLineERKSs
FN:109,_ZN7CppUnit12assertEqualsIiEEvRKT_S3_NS_10SourceLineERKSs
FN:109,_ZN7CppUnit12assertEqualsIN6Matrix10MatrixTypeEEEvRKT_S5_NS_10SourceLineERKSs
FN:109,_ZN7CppUnit12assertEqualsIdEEvRKT_S3_NS_10SourceLineERKSs
FNDA:1,_ZN7CppUnit16assertion_traitsI6MatrixE5equalERKS1_S4_
FNDA:2,_ZN7CppUnit16assertion_traitsIiE5equalERKiS3_
FNDA:62,_ZN7CppUnit16assertion_traitsImE5equalERKmS3_
FNDA:26,_ZN7CppUnit16assertion_traitsIN6Matrix10MatrixTypeEE5equalERKS2_S5_
FNDA:0,_ZN7CppUnit16assertion_traitsI6MatrixE8toStringERKS1_
FNDA:0,_ZN7CppUnit16assertion_traitsIiE8toStringERKi
FNDA:0,_ZN7CppUnit16assertion_traitsImE8toStringERKm
FNDA:0,_ZN7CppUnit16assertion_traitsIN6Matrix10MatrixTypeEE8toStringERKS2_
FNDA:128,_ZN7CppUnit16assertion_traitsIdE5equalEdd
FNDA:0,_ZN7CppUnit16assertion_traitsIdE8toStringEd
FNDA:1,_ZN7CppUnit12assertEqualsI6MatrixEEvRKT_S4_NS_10SourceLineERKSs
FNDA:2,_ZN7CppUnit12assertEqualsIiEEvRKT_S3_NS_10SourceLineERKSs
FNDA:62,_ZN7CppUnit12assertEqualsImEEvRKT_S3_NS_10SourceLineERKSs
FNDA:128,_ZN7CppUnit12assertEqualsIdEEvRKT_S3_NS_10SourceLineERKSs
FNDA:26,_ZN7CppUnit12assertEqualsIN6Matrix10MatrixTypeEEEvRKT_S5_NS_10SourceLineERKSs
FNF:15
FNH:10
DA:47,91
DA:49,91
DA:52,0
DA:54,0
DA:61,0
DA:65,0
DA:81,128
DA:83,128
DA:86,0
DA:89,0
DA:97,0
DA:99,0
DA:109,219
DA:114,219
DA:116,0
DA:119,0
DA:121,219
LF:17
LH:7
end_of_record
SF:/usr/include/cppunit/TestCaller.h
FN:149,_ZN7CppUnit10TestCallerI17TestMatrixFactoryEC2ESsMS1_FvvEPS1_
FN:157,_ZN7CppUnit10TestCallerI17TestMatrixFactoryED0Ev
FN:157,_ZN7CppUnit10TestCallerI17TestMatrixFactoryED2Ev
FN:163,_ZN7CppUnit10TestCallerI17TestMatrixFactoryE7runTestEv
FN:175,_ZN7CppUnit10TestCallerI17TestMatrixFactoryE5setUpEv
FN:180,_ZN7CppUnit10TestCallerI17TestMatrixFactoryE8tearDownEv
FNDA:6,_ZN7CppUnit10TestCallerI17TestMatrixFactoryEC2ESsMS1_FvvEPS1_
FNDA:6,_ZN7CppUnit10TestCallerI17TestMatrixFactoryED0Ev
FNDA:6,_ZN7CppUnit10TestCallerI17TestMatrixFactoryED2Ev
FNDA:6,_ZN7CppUnit10TestCallerI17TestMatrixFactoryE7runTestEv
FNDA:6,_ZN7CppUnit10TestCallerI17TestMatrixFactoryE5setUpEv
FNDA:6,_ZN7CppUnit10TestCallerI17TestMatrixFactoryE8tearDownEv
FNF:6
FNH:6
DA:149,6
DA:153,6
DA:155,6
DA:157,12
DA:159,6
DA:160,6
DA:161,18
DA:163,6
DA:166,6
DA:173,6
DA:175,6
DA:177,6
DA:178,6
DA:180,6
DA:182,6
DA:183,6
LF:16
LH:16
end_of_record
SF:/usr/include/cppunit/TestFixture.h
FN:83,_ZN7CppUnit11TestFixtureC2Ev
FN:86,_ZN7CppUnit11TestFixtureD2Ev
FN:86,_ZN7CppUnit11TestFixtureD0Ev
FN:89,_ZN7CppUnit11TestFixture5setUpEv
FN:92,_ZN7CppUnit11TestFixture8tearDownEv
FNDA:6,_ZN7CppUnit11TestFixtureC2Ev
FNDA:0,_ZN7CppUnit11TestFixtureD0Ev
FNDA:6,_ZN7CppUnit11TestFixtureD2Ev
FNDA:0,_ZN7CppUnit11TestFixture5setUpEv
FNDA:0,_ZN7CppUnit11TestFixture8tearDownEv
FNF:5
FNH:2
DA:83,6
DA:86,6
DA:89,0
DA:92,0
LF:4
LH:2
end_of_record
SF:/usr/include/cppunit/extensions/AutoRegisterSuite.h
FN:33,_ZN7CppUnit17AutoRegisterSuiteI17TestMatrixFactoryEC2Ev
FN:48,_ZN7CppUnit17AutoRegisterSuiteI17TestMatrixFactoryED2Ev
FNDA:1,_ZN7CppUnit17AutoRegisterSuiteI17TestMatrixFactoryEC2Ev
FNDA:0,_ZN7CppUnit17AutoRegisterSuiteI17TestMatrixFactoryED2Ev
FNF:2
FNH:1
DA:33,1
DA:34,1
DA:36,1
DA:37,1
DA:48,0
DA:50,0
DA:51,0
DA:52,0
LF:8
LH:4
end_of_record
SF:/usr/include/cppunit/extensions/TestFactory.h
FN:13,_ZN7CppUnit11TestFactoryC2Ev
FN:16,_ZN7CppUnit11TestFactoryD2Ev
FN:16,_ZN7CppUnit11TestFactoryD0Ev
FNDA:1,_ZN7CppUnit11TestFactoryC2Ev
FNDA:0,_ZN7CppUnit11TestFactoryD0Ev
FNDA:0,_ZN7CppUnit11TestFactoryD2Ev
FNF:3
FNH:1
DA:13,1
DA:16,0
LF:2
LH:1
end_of_record
SF:/usr/include/cppunit/extensions/TestFixtureFactory.h
FN:16,_ZN7CppUnit18TestFixtureFactoryC2Ev
FN:22,_ZN7CppUnit18TestFixtureFactoryD0Ev
FN:22,_ZN7CppUnit18TestFixtureFactoryD2Ev
FN:31,_ZN7CppUnit25ConcretTestFixtureFactoryI17TestMatrixFactoryED2Ev
FN:31,_ZN7CppUnit25ConcretTestFixtureFactoryI17TestMatrixFactoryEC2Ev
FN:31,_ZN7CppUnit25ConcretTestFixtureFactoryI17TestMatrixFactoryED0Ev
FN:39,_ZN7CppUnit25ConcretTestFixtureFactoryI17TestMatrixFactoryE11makeFixtureEv
FNDA:1,_ZN7CppUnit18TestFixtureFactoryC2Ev
FNDA:0,_ZN7CppUnit18TestFixtureFactoryD0Ev
FNDA:1,_ZN7CppUnit18TestFixtureFactoryD2Ev
FNDA:0,_ZN7CppUnit25ConcretTestFixtureFactoryI17TestMatrixFactoryED0Ev
FNDA:1,_ZN7CppUnit25ConcretTestFixtureFactoryI17TestMatrixFactoryED2Ev
FNDA:1,_ZN7CppUnit25ConcretTestFixtureFactoryI17TestMatrixFactoryEC2Ev
FNDA:6,_ZN7CppUnit25ConcretTestFixtureFactoryI17TestMatrixFactoryE11makeFixtureEv
FNF:7
FNH:5
DA:16,1
DA:22,1
DA:31,2
DA:39,6
DA:41,6
LF:5
LH:5
end_of_record
SF:/usr/include/cppunit/extensions/TestSuiteBuilderContext.h
FN:29,_ZN7CppUnit27TestSuiteBuilderContextBaseC2ERKS0_
FN:100,_ZN7CppUnit23TestSuiteBuilderContextI17TestMatrixFactoryED0Ev
FN:100,_ZN7CppUnit23TestSuiteBuilderContextI17TestMatrixFactoryED2Ev
FN:105,_ZN7CppUnit23TestSuiteBuilderContextI17TestMatrixFactoryEC2ERNS_27TestSuiteBuilderContextBaseE
FN:116,_ZNK7CppUnit23TestSuiteBuilderContextI17TestMatrixFactoryE11makeFixtureEv
FNDA:1,_ZN7CppUnit27TestSuiteBuilderContextBaseC2ERKS0_
FNDA:0,_ZN7CppUnit23TestSuiteBuilderContextI17TestMatrixFactoryED0Ev
FNDA:1,_ZN7CppUnit23TestSuiteBuilderContextI17TestMatrixFactoryED2Ev
FNDA:1,_ZN7CppUnit23TestSuiteBuilderContextI17TestMatrixFactoryEC2ERNS_27TestSuiteBuilderContextBaseE
FNDA:6,_ZNK7CppUnit23TestSuiteBuilderContextI17TestMatrixFactoryE11makeFixtureEv
FNF:5
FNH:4
DA:29,1
DA:100,1
DA:105,1
DA:106,1
DA:108,1
DA:116,6
DA:118,6
LF:7
LH:7
end_of_record
SF:/usr/include/cppunit/extensions/TestSuiteFactory.h
FN:15,_ZN7CppUnit16TestSuiteFactoryI17TestMatrixFactoryEC2Ev
FN:15,_ZN7CppUnit16TestSuiteFactoryI17TestMatrixFactoryED2Ev
FN:15,_ZN7CppUnit16TestSuiteFactoryI17TestMatrixFactoryED0Ev
FN:18,_ZN7CppUnit16TestSuiteFactoryI17TestMatrixFactoryE8makeTestEv
FNDA:0,_ZN7CppUnit16TestSuiteFactoryI17TestMatrixFactoryED0Ev
FNDA:0,_ZN7CppUnit16TestSuiteFactoryI17TestMatrixFactoryED2Ev
FNDA:1,_ZN7CppUnit16TestSuiteFactoryI17TestMatrixFactoryEC2Ev
FNDA:1,_ZN7CppUnit16TestSuiteFactoryI17TestMatrixFactoryE8makeTestEv
FNF:4
FNH:2
DA:15,1
DA:18,1
DA:20,1
LF:3
LH:3
end_of_record
SF:/usr/include/x86_64-linux-gnu/c++/4.8/bits/gthr-default.h
FN:247,_ZL18__gthread_active_pv
FNDA:0,_ZL18__gthread_active_pv
FNF:1
FNH:0
DA:247,0
DA:251,0
LF:2
LH:0
end_of_record
SF:/home/chung/Documents/MATLAB/ForBES/ForBESC/tests/TestMatrixFactory.cpp
FN:26,_Z41__static_initialization_and_destruction_0ii
FN:28,_ZN17TestMatrixFactoryC2Ev
FN:31,_ZN17TestMatrixFactoryD0Ev
FN:31,_ZN17TestMatrixFactoryD2Ev
FN:34,_ZN17TestMatrixFactory5setUpEv
FN:37,_ZN17TestMatrixFactory8tearDownEv
FN:40,_ZN17TestMatrixFactory16testMakeIdentityEv
FN:57,_ZN17TestMatrixFactory20testMakeRandomMatrixEv
FN:82,_ZN17TestMatrixFactory14testMakeSparseEv
FN:105,_ZN17TestMatrixFactory22testReadSparseFromFileEv
FN:131,_ZN17TestMatrixFactory10testSparseEv
FN:139,_ZN17TestMatrixFactory11testSparse2Ev
FN:152,_GLOBAL__sub_I__ZN17TestMatrixFactoryC2Ev
FNDA:6,_ZN17TestMatrixFactoryC2Ev
FNDA:6,_ZN17TestMatrixFactoryD0Ev
FNDA:6,_ZN17TestMatrixFactoryD2Ev
FNDA:6,_ZN17TestMatrixFactory5setUpEv
FNDA:6,_ZN17TestMatrixFactory8tearDownEv
FNDA:1,_ZN17TestMatrixFactory16testMakeIdentityEv
FNDA:1,_ZN17TestMatrixFactory20testMakeRandomMatrixEv
FNDA:1,_ZN17TestMatrixFactory14testMakeSparseEv
FNDA:1,_ZN17TestMatrixFactory22testReadSparseFromFileEv
FNDA:1,_ZN17TestMatrixFactory10testSparseEv
FNDA:1,_ZN17TestMatrixFactory11testSparse2Ev
FNDA:1,_GLOBAL__sub_I__ZN17TestMatrixFactoryC2Ev
FNDA:1,_Z41__static_initialization_and_destruction_0ii
FNF:13
FNH:13
DA:26,1
DA:28,6
DA:29,6
DA:31,12
DA:32,12
DA:34,6
DA:35,6
DA:37,6
DA:38,6
DA:40,1
DA:41,1
DA:42,1
DA:43,1
DA:44,1
DA:45,11
DA:46,110
DA:47,100
DA:48,10
DA:50,90
DA:53,1
DA:55,1
DA:57,1
DA:58,1
DA:59,1
DA:60,1
DA:61,9
DA:62,72
DA:63,64
DA:64,28
DA:66,36
DA:71,1
DA:72,1
DA:74,1
DA:75,1
DA:77,1
DA:78,1
DA:80,1
DA:82,1
DA:83,1
DA:84,1
DA:85,1
DA:86,1
DA:87,21
DA:88,20
DA:89,20
DA:90,20
DA:91,20
DA:92,20
DA:93,120
DA:94,900
DA:95,800
DA:96,200
DA:100,20
DA:102,1
DA:103,1
DA:105,1
DA:107,1
DA:109,1
DA:111,1
DA:112,1
DA:114,1
DA:116,1
DA:117,1
DA:118,1
DA:119,2
DA:120,1
DA:121,1
DA:122,1
DA:123,1
DA:124,1
DA:125,1
DA:126,1
DA:128,2
DA:129,1
DA:131,1
DA:132,1
DA:133,1
DA:134,1
DA:135,1
DA:136,1
DA:137,1
DA:139,1
DA:140,1
DA:141,1
DA:142,1
DA:143,1
DA:145,1
DA:146,1
DA:148,1
DA:149,1
DA:150,1
DA:151,1
DA:152,4
LF:93
LH:93
end_of_record
SF:/home/chung/Documents/MATLAB/ForBES/ForBESC/tests/TestMatrixFactory.h
FN:17,_ZN17TestMatrixFactory14getTestNamer__Ev
FN:17,_ZN17TestMatrixFactory15addTestsToSuiteERN7CppUnit27TestSuiteBuilderContextBaseE
FN:26,_ZN17TestMatrixFactory16CppUnitExDeleterD2Ev
FN:26,_ZN17TestMatrixFactory5suiteEv
FN:26,_ZN17TestMatrixFactory16CppUnitExDeleter7releaseEv
FN:26,_ZN17TestMatrixFactory16CppUnitExDeleterC2Ev
FNDA:1,_ZN17TestMatrixFactory15addTestsToSuiteERN7CppUnit27TestSuiteBuilderContextBaseE
FNDA:1,_ZN17TestMatrixFactory14getTestNamer__Ev
FNDA:1,_ZN17TestMatrixFactory5suiteEv
FNDA:1,_ZN17TestMatrixFactory16CppUnitExDeleter7releaseEv
FNDA:1,_ZN17TestMatrixFactory16CppUnitExDeleterD2Ev
FNDA:1,_ZN17TestMatrixFactory16CppUnitExDeleterC2Ev
FNF:6
FNH:6
DA:17,2
DA:19,1
DA:20,1
DA:21,1
DA:22,1
DA:23,1
DA:24,1
DA:26,5
LF:8
LH:8
end_of_record
TN:
SF:/usr/include/c++/4.8/bits/basic_string.h
FN:272,_ZNSs12_Alloc_hiderD2Ev
FNDA:0,_ZNSs12_Alloc_hiderD2Ev
FNF:1
FNH:0
DA:272,0
LF:1
LH:0
end_of_record
SF:/usr/include/c++/4.8/ext/atomicity.h
FN:48,_ZN9__gnu_cxxL18__exchange_and_addEPVii
FN:65,_ZN9__gnu_cxxL25__exchange_and_add_singleEPii
FN:78,_ZN9__gnu_cxxL27__exchange_and_add_dispatchEPii
FNDA:0,_ZN9__gnu_cxxL18__exchange_and_addEPVii
FNDA:0,_ZN9__gnu_cxxL25__exchange_and_add_singleEPii
FNDA:0,_ZN9__gnu_cxxL27__exchange_and_add_dispatchEPii
FNF:3
FNH:0
DA:48,0
DA:49,0
DA:65,0
DA:67,0
DA:68,0
DA:69,0
DA:78,0
DA:81,0
DA:82,0
DA:84,0
LF:10
LH:0
end_of_record
SF:/usr/include/c++/4.8/ext/new_allocator.h
FN:79,_ZN9__gnu_cxx13new_allocatorIcEC2Ev
FN:81,_ZN9__gnu_cxx13new_allocatorIcEC2ERKS1_
FN:86,_ZN9__gnu_cxx13new_allocatorIcED2Ev
FNDA:0,_ZN9__gnu_cxx13new_allocatorIcEC2Ev
FNDA:0,_ZN9__gnu_cxx13new_allocatorIcEC2ERKS1_
FNDA:0,_ZN9__gnu_cxx13new_allocatorIcED2Ev
FNF:3
FNH:0
DA:79,0
DA:81,0
DA:86,0
LF:3
LH:0
end_of_record
SF:/usr/include/c++/4.8/iostream
DA:74,1
LF:1
LH:1
end_of_record
SF:/usr/include/cppunit/portability/Stream.h
FN:332,_ZN7CppUnit7stdCOutEv
FNDA:1,_ZN7CppUnit7stdCOutEv
FNF:1
FNH:1
DA:332,1
DA:334,1
LF:2
LH:2
end_of_record
SF:/usr/include/x86_64-linux-gnu/c++/4.8/bits/gthr-default.h
FN:247,_ZL18__gthread_active_pv
FNDA:0,_ZL18__gthread_active_pv
FNF:1
FNH:0
DA:247,0
DA:251,0
LF:2
LH:0
end_of_record
SF:/home/chung/Documents/MATLAB/ForBES/ForBESC/tests/TestMatrixFactoryRunner.cpp
FN:15,main
FN:37,_GLOBAL__sub_I_main
FN:37,_Z41__static_initialization_and_destruction_0ii
FNDA:1,main
FNDA:1,_GLOBAL__sub_I_main
FNDA:1,_Z41__static_initialization_and_destruction_0ii
FNF:3
FNH:3
DA:15,1
DA:17,1
DA:20,2
DA:21,1
DA:24,2
DA:25,1
DA:28,2
DA:29,1
DA:30,1
DA:33,2
DA:34,1
DA:36,2
DA:37,3
LF:13
LH:13
end_of_record
TN:
SF:/usr/include/c++/4.8/bits/allocator.h
FN:115,_ZNSaISt4pairISsSsEEC2ERKS1_
FN:121,_ZNSaISt4pairISsSsEED2Ev
FN:133,_ZSteqIcEbRKSaIT_ES3_
FNDA:1,_ZNSaISt4pairISsSsEEC2ERKS1_
FNDA:0,_ZNSaISt4pairISsSsEED2Ev
FNDA:0,_ZSteqIcEbRKSaIT_ES3_
FNF:3
FNH:1
DA:115,1
DA:116,1
DA:121,0
DA:133,0
DA:134,0
LF:5
LH:2
end_of_record
SF:/usr/include/c++/4.8/bits/basic_string.h
FN:272,_ZNSs12_Alloc_hiderD2Ev
FN:1721,_ZNSs16_S_construct_auxIPcEES0_T_S1_RKSaIcESt12__false_type
FN:1743,_ZNSs12_S_constructIPcEES0_T_S1_RKSaIcE
FN:2402,_ZStplIcSt11char_traitsIcESaIcEESbIT_T0_T1_ERKS6_PKS3_
FNDA:0,_ZNSs12_Alloc_hiderD2Ev
FNDA:0,_ZNSs16_S_construct_auxIPcEES0_T_S1_RKSaIcESt12__false_type
FNDA:0,_ZNSs12_S_constructIPcEES0_T_S1_RKSaIcE
FNDA:0,_ZStplIcSt11char_traitsIcESaIcEESbIT_T0_T1_ERKS6_PKS3_
FNF:4
FNH:0
DA:272,0
DA:1721,0
DA:1725,0
DA:1743,0
DA:1746,0
DA:2402,0
DA:2405,0
DA:2406,0
DA:2407,0
LF:9
LH:0
end_of_record
SF:/usr/include/c++/4.8/bits/basic_string.tcc
FN:123,_ZNSs12_S_constructIPcEES0_T_S1_RKSaIcESt20forward_iterator_tag
FN:227,_ZNSsC2IPcEET_S1_RKSaIcE
FN:692,_ZStplIcSt11char_traitsIcESaIcEESbIT_T0_T1_EPKS3_RKS6_
FNDA:0,_ZNSs12_S_constructIPcEES0_T_S1_RKSaIcESt20forward_iterator_tag
FNDA:0,_ZNSsC2IPcEET_S1_RKSaIcE
FNDA:0,_ZStplIcSt11char_traitsIcESaIcEESbIT_T0_T1_EPKS3_RKS6_
FNF:3
FNH:0
DA:123,0
DA:128,0
DA:129,0
DA:132,0
DA:133,0
DA:136,0
DA:138,0
DA:140,0
DA:141,=====
DA:143,=====
DA:144,=====
DA:146,0
DA:147,0
DA:227,0
DA:229,0
DA:230,0
DA:692,0
DA:698,0
DA:699,0
DA:700,0
DA:701,0
DA:702,0
DA:703,0
LF:23
LH:0
end_of_record
SF:/usr/include/c++/4.8/bits/char_traits.h
FN:242,_ZNSt11char_traitsIcE6assignERcRKc
FN:258,_ZNSt11char_traitsIcE6lengthEPKc
FN:270,_ZNSt11char_traitsIcE4copyEPcPKcm
FNDA:0,_ZNSt11char_traitsIcE6assignERcRKc
FNDA:0,_ZNSt11char_traitsIcE6lengthEPKc
FNDA:0,_ZNSt11char_traitsIcE4copyEPcPKcm
FNF:3
FNH:0
DA:242,0
DA:243,0
DA:258,0
DA:259,0
DA:270,0
DA:271,0
LF:6
LH:0
end_of_record
SF:/usr/include/c++/4.8/bits/ios_base.h
FN:119,_ZStorSt13_Ios_OpenmodeS_
FNDA:0,_ZStorSt13_Ios_OpenmodeS_
FNF:1
FNH:0
DA:119,0
DA:120,0
LF:2
LH:0
end_of_record
SF:/usr/include/c++/4.8/bits/move.h
FN:47,_ZSt11__addressofISt4pairISsSsEEPT_RS2_
FNDA:0,_ZSt11__addressofISt4pairISsSsEEPT_RS2_
FNF:1
FNH:0
DA:47,0
DA:50,0
LF:2
LH:0
end_of_record
SF:/usr/include/c++/4.8/bits/stl_construct.h
FN:79,_ZSt10_ConstructISt4pairISsSsES1_EvPT_RKT0_
FN:92,_ZSt8_DestroyISt4pairISsSsEEvPT_
FN:100,_ZNSt12_Destroy_auxILb0EE9__destroyIPSt4pairISsSsEEEvT_S5_
FN:122,_ZSt8_DestroyIPSt4pairISsSsEEvT_S3_
FNDA:0,_ZSt10_ConstructISt4pairISsSsES1_EvPT_RKT0_
FNDA:0,_ZSt8_DestroyISt4pairISsSsEEvPT_
FNDA:0,_ZNSt12_Destroy_auxILb0EE9__destroyIPSt4pairISsSsEEEvT_S5_
FNDA:0,_ZSt8_DestroyIPSt4pairISsSsEEvT_S3_
FNF:4
FNH:0
DA:79,0
DA:83,0
DA:84,0
DA:92,0
DA:93,0
DA:100,0
DA:102,0
DA:103,0
DA:104,0
DA:122,0
DA:126,0
DA:128,0
LF:12
LH:0
end_of_record
SF:/usr/include/c++/4.8/bits/stl_iterator.h
FN:726,_ZN9__gnu_cxx17__normal_iteratorIPKSt4pairISsSsESt6vectorIS2_SaIS2_EEEC2ERKS4_
FN:738,_ZNK9__gnu_cxx17__normal_iteratorIPKSt4pairISsSsESt6vectorIS2_SaIS2_EEEdeEv
FN:746,_ZN9__gnu_cxx17__normal_iteratorIPKSt4pairISsSsESt6vectorIS2_SaIS2_EEEppEv
FN:790,_ZNK9__gnu_cxx17__normal_iteratorIPKSt4pairISsSsESt6vectorIS2_SaIS2_EEE4baseEv
FN:823,_ZN9__gnu_cxxneIPKSt4pairISsSsESt6vectorIS2_SaIS2_EEEEbRKNS_17__normal_iteratorIT_T0_EESD_
FNDA:2,_ZN9__gnu_cxx17__normal_iteratorIPKSt4pairISsSsESt6vectorIS2_SaIS2_EEEC2ERKS4_
FNDA:0,_ZNK9__gnu_cxx17__normal_iteratorIPKSt4pairISsSsESt6vectorIS2_SaIS2_EEEdeEv
FNDA:0,_ZN9__gnu_cxx17__normal_iteratorIPKSt4pairISsSsESt6vectorIS2_SaIS2_EEEppEv
FNDA:2,_ZNK9__gnu_cxx17__normal_iteratorIPKSt4pairISsSsESt6vectorIS2_SaIS2_EEE4baseEv
FNDA:1,_ZN9__gnu_cxxneIPKSt4pairISsSsESt6vectorIS2_SaIS2_EEEEbRKNS_17__normal_iteratorIT_T0_EESD_
FNF:5
FNH:3
DA:726,2
DA:738,0
DA:739,0
DA:746,0
DA:748,0
DA:749,0
DA:790,2
DA:791,2
DA:823,1
DA:825,1
LF:10
LH:5
end_of_record
SF:/usr/include/c++/4.8/bits/stl_iterator_base_funcs.h
FN:90,_ZSt10__distanceIPcENSt15iterator_traitsIT_E15difference_typeES2_S2_St26random_access_iterator_tag
FN:114,_ZSt8distanceIPcENSt15iterator_traitsIT_E15difference_typeES2_S2_
FNDA:0,_ZSt10__distanceIPcENSt15iterator_traitsIT_E15difference_typeES2_S2_St26random_access_iterator_tag
FNDA:0,_ZSt8distanceIPcENSt15iterator_traitsIT_E15difference_typeES2_S2_
FNF:2
FNH:0
DA:90,0
DA:96,0
DA:114,0
DA:118,0
LF:4
LH:0
end_of_record
SF:/usr/include/c++/4.8/bits/stl_iterator_base_types.h
FN:201,_ZSt19__iterator_categoryIPcENSt15iterator_traitsIT_E17iterator_categoryERKS2_
FNDA:0,_ZSt19__iterator_categoryIPcENSt15iterator_traitsIT_E17iterator_categoryERKS2_
FNF:1
FNH:0
DA:201,0
DA:202,0
LF:2
LH:0
end_of_record
SF:/usr/include/c++/4.8/bits/stl_pair.h
FN:96,_ZNSt4pairISsSsEC2ERKS0_
FN:96,_ZNSt4pairISsSsED2Ev
FNDA:0,_ZNSt4pairISsSsED2Ev
FNDA:0,_ZNSt4pairISsSsEC2ERKS0_
FNF:2
FNH:0
DA:96,0
LF:1
LH:0
end_of_record
SF:/usr/include/c++/4.8/bits/stl_uninitialized.h
FN:68,_ZNSt20__uninitialized_copyILb0EE13__uninit_copyIN9__gnu_cxx17__normal_iteratorIPKSt4pairISsSsESt6vectorIS5_SaIS5_EEEEPS5_EET0_T_SE_SD_
FN:107,_ZSt18uninitialized_copyIN9__gnu_cxx17__normal_iteratorIPKSt4pairISsSsESt6vectorIS3_SaIS3_EEEEPS3_ET0_T_SC_SB_
FN:256,_ZSt22__uninitialized_copy_aIN9__gnu_cxx17__normal_iteratorIPKSt4pairISsSsESt6vectorIS3_SaIS3_EEEEPS3_S3_ET0_T_SC_SB_RSaIT1_E
FNDA:1,_ZNSt20__uninitialized_copyILb0EE13__uninit_copyIN9__gnu_cxx17__normal_iteratorIPKSt4pairISsSsESt6vectorIS5_SaIS5_EEEEPS5_EET0_T_SE_SD_
FNDA:1,_ZSt18uninitialized_copyIN9__gnu_cxx17__normal_iteratorIPKSt4pairISsSsESt6vectorIS3_SaIS3_EEEEPS3_ET0_T_SC_SB_
FNDA:1,_ZSt22__uninitialized_copy_aIN9__gnu_cxx17__normal_iteratorIPKSt4pairISsSsESt6vectorIS3_SaIS3_EEEEPS3_S3_ET0_T_SC_SB_RSaIT1_E
FNF:3
FNH:3
DA:68,1
DA:71,1
DA:74,1
DA:75,0
DA:76,1
DA:78,=====
DA:80,=====
DA:81,=====
DA:107,1
DA:117,1
DA:256,1
DA:258,1
LF:12
LH:8
end_of_record
SF:/usr/include/c++/4.8/bits/stl_vector.h
FN:79,_ZNSt12_Vector_baseISt4pairISsSsESaIS1_EE12_Vector_implD2Ev
FN:90,_ZNSt12_Vector_baseISt4pairISsSsESaIS1_EE12_Vector_implC2ERKS2_
FN:113,_ZNSt12_Vector_baseISt4pairISsSsESaIS1_EE19_M_get_Tp_allocatorEv
FN:117,_ZNKSt12_Vector_baseISt4pairISsSsESaIS1_EE19_M_get_Tp_allocatorEv
FN:134,_ZNSt12_Vector_baseISt4pairISsSsESaIS1_EEC2EmRKS2_
FN:159,_ZNSt12_Vector_baseISt4pairISsSsESaIS1_EED2Ev
FN:167,_ZNSt12_Vector_baseISt4pairISsSsESaIS1_EE11_M_allocateEm
FN:171,_ZNSt12_Vector_baseISt4pairISsSsESaIS1_EE13_M_deallocateEPS1_m
FN:179,_ZNSt12_Vector_baseISt4pairISsSsESaIS1_EE17_M_create_storageEm
FN:310,_ZNSt6vectorISt4pairISsSsESaIS1_EEC2ERKS3_
FN:547,_ZNKSt6vectorISt4pairISsSsESaIS1_EE5beginEv
FN:565,_ZNKSt6vectorISt4pairISsSsESaIS1_EE3endEv
FN:645,_ZNKSt6vectorISt4pairISsSsESaIS1_EE4sizeEv
FNDA:0,_ZNSt12_Vector_baseISt4pairISsSsESaIS1_EE12_Vector_implD2Ev
FNDA:1,_ZNSt12_Vector_baseISt4pairISsSsESaIS1_EE12_Vector_implC2ERKS2_
FNDA:1,_ZNSt12_Vector_baseISt4pairISsSsESaIS1_EE19_M_get_Tp_allocatorEv
FNDA:1,_ZNKSt12_Vector_baseISt4pairISsSsESaIS1_EE19_M_get_Tp_allocatorEv
FNDA:1,_ZNSt12_Vector_baseISt4pairISsSsESaIS1_EEC2EmRKS2_
FNDA:0,_ZNSt12_Vector_baseISt4pairISsSsESaIS1_EED2Ev
FNDA:1,_ZNSt12_Vector_baseISt4pairISsSsESaIS1_EE11_M_allocateEm
FNDA:0,_ZNSt12_Vector_baseISt4pairISsSsESaIS1_EE13_M_deallocateEPS1_m
FNDA:1,_ZNSt12_Vector_baseISt4pairISsSsESaIS1_EE17_M_create_storageEm
FNDA:1,_ZNSt6vectorISt4pairISsSsESaIS1_EEC2ERKS3_
FNDA:1,_ZNKSt6vectorISt4pairISsSsESaIS1_EE5beginEv
FNDA:1,_ZNKSt6vectorISt4pairISsSsESaIS1_EE3endEv
FNDA:1,_ZNKSt6vectorISt4pairISsSsESaIS1_EE4sizeEv
FNF:13
FNH:10
DA:79,0
DA:90,1
DA:91,1
DA:92,1
DA:113,1
DA:114,1
DA:117,1
DA:118,1
DA:134,1
DA:135,1
DA:136,1
DA:159,0
DA:160,0
DA:161,0
DA:167,1
DA:168,1
DA:171,0
DA:173,0
DA:174,0
DA:175,0
DA:179,1
DA:181,1
DA:182,1
DA:183,1
DA:184,1
DA:310,1
DA:312,1
DA:313,1
DA:316,1
DA:317,1
DA:547,1
DA:548,1
DA:565,1
DA:566,1
DA:645,1
DA:646,1
LF:36
LH:28
end_of_record
SF:/usr/include/c++/4.8/ext/alloc_traits.h
FN:224,_ZN9__gnu_cxx14__alloc_traitsISaISt4pairISsSsEEE17_S_select_on_copyERKS3_
FNDA:1,_ZN9__gnu_cxx14__alloc_traitsISaISt4pairISsSsEEE17_S_select_on_copyERKS3_
FNF:1
FNH:1
DA:224,1
LF:1
LH:1
end_of_record
SF:/usr/include/c++/4.8/ext/atomicity.h
FN:48,_ZN9__gnu_cxxL18__exchange_and_addEPVii
FN:65,_ZN9__gnu_cxxL25__exchange_and_add_singleEPii
FN:78,_ZN9__gnu_cxxL27__exchange_and_add_dispatchEPii
FNDA:0,_ZN9__gnu_cxxL18__exchange_and_addEPVii
FNDA:0,_ZN9__gnu_cxxL25__exchange_and_add_singleEPii
FNDA:0,_ZN9__gnu_cxxL27__exchange_and_add_dispatchEPii
FNF:3
FNH:0
DA:48,0
DA:49,0
DA:65,0
DA:67,0
DA:68,0
DA:69,0
DA:78,0
DA:81,0
DA:82,0
DA:84,0
LF:10
LH:0
end_of_record
SF:/usr/include/c++/4.8/ext/new_allocator.h
FN:79,_ZN9__gnu_cxx13new_allocatorIcEC2Ev
FN:81,_ZN9__gnu_cxx13new_allocatorIcEC2ERKS1_
FN:81,_ZN9__gnu_cxx13new_allocatorISt4pairISsSsEEC2ERKS3_
FN:86,_ZN9__gnu_cxx13new_allocatorIcED2Ev
FN:86,_ZN9__gnu_cxx13new_allocatorISt4pairISsSsEED2Ev
FN:99,_ZN9__gnu_cxx13new_allocatorISt4pairISsSsEE8allocateEmPKv
FN:109,_ZN9__gnu_cxx13new_allocatorISt4pairISsSsEE10deallocateEPS2_m
FN:113,_ZNK9__gnu_cxx13new_allocatorISt4pairISsSsEE8max_sizeEv
FNDA:0,_ZN9__gnu_cxx13new_allocatorIcEC2Ev
FNDA:1,_ZN9__gnu_cxx13new_allocatorISt4pairISsSsEEC2ERKS3_
FNDA:0,_ZN9__gnu_cxx13new_allocatorIcEC2ERKS1_
FNDA:0,_ZN9__gnu_cxx13new_allocatorISt4pairISsSsEED2Ev
FNDA:0,_ZN9__gnu_cxx13new_allocatorIcED2Ev
FNDA:0,_ZN9__gnu_cxx13new_allocatorISt4pairISsSsEE8allocateEmPKv
FNDA:0,_ZN9__gnu_cxx13new_allocatorISt4pairISsSsEE10deallocateEPS2_m
FNDA:0,_ZNK9__gnu_cxx13new_allocatorISt4pairISsSsEE8max_sizeEv
FNF:8
FNH:1
DA:79,0
DA:81,1
DA:86,0
DA:99,0
DA:101,0
DA:102,0
DA:104,0
DA:109,0
DA:110,0
DA:113,0
DA:114,0
LF:11
LH:1
end_of_record
SF:/usr/include/c++/4.8/ext/type_traits.h
FN:150,_ZN9__gnu_cxx17__is_null_pointerIcEEbPT_
FNDA:0,_ZN9__gnu_cxx17__is_null_pointerIcEEbPT_
FNF:1
FNH:0
DA:150,0
DA:151,0
LF:2
LH:0
end_of_record
SF:/usr/include/c++/4.8/iostream
DA:74,1
LF:1
LH:1
end_of_record
SF:/usr/include/c++/4.8/new
FN:109,_ZnwmPv
FN:115,_ZdlPvS_
FNDA:46,_ZnwmPv
FNDA:0,_ZdlPvS_
FNF:2
FNH:1
DA:109,46
DA:110,46
DA:115,0
LF:3
LH:2
end_of_record
SF:/usr/include/c++/4.8/sstream
FN:64,_ZNSt15basic_stringbufIcSt11char_traitsIcESaIcEED2Ev
FN:64,_ZNSt15basic_stringbufIcSt11char_traitsIcESaIcEED0Ev
FNDA:0,_ZNSt15basic_stringbufIcSt11char_traitsIcESaIcEED0Ev
FNDA:0,_ZNSt15basic_stringbufIcSt11char_traitsIcESaIcEED2Ev
FNF:2
FNH:0
DA:64,0
LF:1
LH:0
end_of_record
SF:/usr/include/cppunit/AdditionalMessage.h
FN:39,_ZN7CppUnit17AdditionalMessageD2Ev
FNDA:13,_ZN7CppUnit17AdditionalMessageD2Ev
FNF:1
FNH:1
DA:39,13
LF:1
LH:1
end_of_record
SF:/usr/include/cppunit/TestAssert.h
FN:47,_ZN7CppUnit16assertion_traitsIiE5equalERKiS3_
FN:52,_ZN7CppUnit16assertion_traitsIiE8toStringERKi
FN:81,_ZN7CppUnit16assertion_traitsIdE5equalEdd
FN:86,_ZN7CppUnit16assertion_traitsIdE8toStringEd
FN:109,_ZN7CppUnit12assertEqualsIiEEvRKT_S3_NS_10SourceLineERKSs
FN:109,_ZN7CppUnit12assertEqualsIdEEvRKT_S3_NS_10SourceLineERKSs
FNDA:15,_ZN7CppUnit16assertion_traitsIiE5equalERKiS3_
FNDA:0,_ZN7CppUnit16assertion_traitsIiE8toStringERKi
FNDA:6,_ZN7CppUnit16assertion_traitsIdE5equalEdd
FNDA:0,_ZN7CppUnit16assertion_traitsIdE8toStringEd
FNDA:6,_ZN7CppUnit12assertEqualsIdEEvRKT_S3_NS_10SourceLineERKSs
FNDA:15,_ZN7CppUnit12assertEqualsIiEEvRKT_S3_NS_10SourceLineERKSs
FNF:6
FNH:4
DA:47,15
DA:49,15
DA:52,0
DA:54,0
DA:61,0
DA:65,0
[...]
FNF:7
FNH:5
DA:16,1
DA:22,1
DA:31,2
DA:39,1
DA:41,1
LF:5
LH:5
end_of_record
SF:/usr/include/cppunit/extensions/TestSuiteBuilderContext.h
FN:29,_ZN7CppUnit27TestSuiteBuilderContextBaseC2ERKS0_
FN:100,_ZN7CppUnit23TestSuiteBuilderContextI21TestQuadraticOperatorED0Ev
FN:100,_ZN7CppUnit23TestSuiteBuilderContextI21TestQuadraticOperatorED2Ev
FN:105,_ZN7CppUnit23TestSuiteBuilderContextI21TestQuadraticOperatorEC2ERNS_27TestSuiteBuilderContextBaseE
FN:116,_ZNK7CppUnit23TestSuiteBuilderContextI21TestQuadraticOperatorE11makeFixtureEv
FNDA:1,_ZN7CppUnit27TestSuiteBuilderContextBaseC2ERKS0_
FNDA:0,_ZN7CppUnit23TestSuiteBuilderContextI21TestQuadraticOperatorED0Ev
FNDA:1,_ZN7CppUnit23TestSuiteBuilderContextI21TestQuadraticOperatorED2Ev
FNDA:1,_ZN7CppUnit23TestSuiteBuilderContextI21TestQuadraticOperatorEC2ERNS_27TestSuiteBuilderContextBaseE
FNDA:1,_ZNK7CppUnit23TestSuiteBuilderContextI21TestQuadraticOperatorE11makeFixtureEv
FNF:5
FNH:4
DA:29,1
DA:100,1
DA:105,1
DA:106,1
DA:108,1
DA:116,1
DA:118,1
LF:7
LH:7
end_of_record
SF:/usr/include/cppunit/extensions/TestSuiteFactory.h
FN:15,_ZN7CppUnit16TestSuiteFactoryI21TestQuadraticOperatorED2Ev
FN:15,_ZN7CppUnit16TestSuiteFactoryI21TestQuadraticOperatorED0Ev
FN:15,_ZN7CppUnit16TestSuiteFactoryI21TestQuadraticOperatorEC2Ev
FN:18,_ZN7CppUnit16TestSuiteFactoryI21TestQuadraticOperatorE8makeTestEv
FNDA:0,_ZN7CppUnit16TestSuiteFactoryI21TestQuadraticOperatorED0Ev
FNDA:0,_ZN7CppUnit16TestSuiteFactoryI21TestQuadraticOperatorED2Ev
FNDA:1,_ZN7CppUnit16TestSuiteFactoryI21TestQuadraticOperatorEC2Ev
FNDA:1,_ZN7CppUnit16TestSuiteFactoryI21TestQuadraticOperatorE8makeTestEv
FNF:4
FNH:2
DA:15,1
DA:18,1
DA:20,1
LF:3
LH:3
end_of_record
SF:/usr/include/x86_64-linux-gnu/c++/4.8/bits/gthr-default.h
FN:247,_ZL18__gthread_active_pv
FNDA:0,_ZL18__gthread_active_pv
FNF:1
FNH:0
DA:247,0
DA:251,0
LF:2
LH:0
end_of_record
SF:/home/chung/Documents/MATLAB/ForBES/ForBESC/MatrixOperator.h
FN:30,_ZN14MatrixOperatorC2ER6Matrix
FNDA:2,_ZN14MatrixOperatorC2ER6Matrix
FNF:1
FNH:1
DA:30,2
DA:31,2
DA:32,2
LF:3
LH:3
end_of_record
SF:/home/chung/Documents/MATLAB/ForBES/ForBESC/QuadraticOperator.h
FN:25,_ZN17QuadraticOperatorC2ER14LinearOperator
FNDA:1,_ZN17QuadraticOperatorC2ER14LinearOperator
FNF:1
FNH:1
DA:25,1
DA:26,1
DA:27,1
DA:28,0
DA:30,1
LF:5
LH:4
end_of_record
SF:/home/chung/Documents/MATLAB/ForBES/ForBESC/tests/TestQuadraticOperator.cpp
FN:12,_Z41__static_initialization_and_destruction_0ii
FN:14,_ZN21TestQuadraticOperatorC2Ev
FN:17,_ZN21TestQuadraticOperatorD0Ev
FN:17,_ZN21TestQuadraticOperatorD2Ev
FN:20,_ZN21TestQuadraticOperator5setUpEv
FN:23,_ZN21TestQuadraticOperator8tearDownEv
FN:26,_ZN21TestQuadraticOperator8testCallEv
FN:58,_GLOBAL__sub_I__ZN21TestQuadraticOperatorC2Ev
FNDA:1,_ZN21TestQuadraticOperatorC2Ev
FNDA:1,_ZN21TestQuadraticOperatorD0Ev
FNDA:1,_ZN21TestQuadraticOperatorD2Ev
FNDA:1,_ZN21TestQuadraticOperator5setUpEv
FNDA:1,_ZN21TestQuadraticOperator8tearDownEv
FNDA:1,_ZN21TestQuadraticOperator8testCallEv
FNDA:1,_GLOBAL__sub_I__ZN21TestQuadraticOperatorC2Ev
FNDA:1,_Z41__static_initialization_and_destruction_0ii
FNF:8
FNH:8
DA:12,1
DA:14,1
DA:15,1
DA:17,2
DA:18,2
DA:20,1
DA:21,1
DA:23,1
DA:24,1
DA:26,1
DA:27,1
DA:29,1
DA:30,2
DA:31,2
DA:33,1
DA:34,1
DA:36,1
DA:37,1
DA:40,1
DA:42,2
DA:44,1
DA:45,1
DA:46,1
DA:47,1
DA:48,1
DA:49,1
DA:50,1
DA:51,1
DA:52,1
DA:55,1
DA:56,1
DA:57,2
DA:58,4
LF:33
LH:33
end_of_record
SF:/home/chung/Documents/MATLAB/ForBES/ForBESC/tests/TestQuadraticOperator.h
FN:23,_ZN21TestQuadraticOperator14getTestNamer__Ev
FN:23,_ZN21TestQuadraticOperator15addTestsToSuiteERN7CppUnit27TestSuiteBuilderContextBaseE
FN:27,_ZN21TestQuadraticOperator16CppUnitExDeleterD2Ev
FN:27,_ZN21TestQuadraticOperator16CppUnitExDeleter7releaseEv
FN:27,_ZN21TestQuadraticOperator5suiteEv
FN:27,_ZN21TestQuadraticOperator16CppUnitExDeleterC2Ev
FNDA:1,_ZN21TestQuadraticOperator15addTestsToSuiteERN7CppUnit27TestSuiteBuilderContextBaseE
FNDA:1,_ZN21TestQuadraticOperator14getTestNamer__Ev
FNDA:1,_ZN21TestQuadraticOperator5suiteEv
FNDA:1,_ZN21TestQuadraticOperator16CppUnitExDeleter7releaseEv
FNDA:1,_ZN21TestQuadraticOperator16CppUnitExDeleterD2Ev
FNDA:1,_ZN21TestQuadraticOperator16CppUnitExDeleterC2Ev
FNF:6
FNH:6
DA:23,2
DA:25,1
DA:27,5
LF:3
LH:3
end_of_record
TN:
SF:/usr/include/c++/4.8/bits/basic_string.h
FN:272,_ZNSs12_Alloc_hiderD2Ev
FNDA:0,_ZNSs12_Alloc_hiderD2Ev
FNF:1
FNH:0
DA:272,0
LF:1
LH:0
end_of_record
SF:/usr/include/c++/4.8/ext/atomicity.h
FN:48,_ZN9__gnu_cxxL18__exchange_and_addEPVii
FN:65,_ZN9__gnu_cxxL25__exchange_and_add_singleEPii
FN:78,_ZN9__gnu_cxxL27__exchange_and_add_dispatchEPii
FNDA:0,_ZN9__gnu_cxxL18__exchange_and_addEPVii
FNDA:0,_ZN9__gnu_cxxL25__exchange_and_add_singleEPii
FNDA:0,_ZN9__gnu_cxxL27__exchange_and_add_dispatchEPii
FNF:3
FNH:0
DA:48,0
DA:49,0
DA:65,0
DA:67,0
DA:68,0
DA:69,0
DA:78,0
DA:81,0
DA:82,0
DA:84,0
LF:10
LH:0
end_of_record
SF:/usr/include/c++/4.8/ext/new_allocator.h
FN:79,_ZN9__gnu_cxx13new_allocatorIcEC2Ev
FN:81,_ZN9__gnu_cxx13new_allocatorIcEC2ERKS1_
FN:86,_ZN9__gnu_cxx13new_allocatorIcED2Ev
FNDA:0,_ZN9__gnu_cxx13new_allocatorIcEC2Ev
FNDA:0,_ZN9__gnu_cxx13new_allocatorIcEC2ERKS1_
FNDA:0,_ZN9__gnu_cxx13new_allocatorIcED2Ev
FNF:3
FNH:0
DA:79,0
DA:81,0
DA:86,0
LF:3
LH:0
end_of_record
SF:/usr/include/c++/4.8/iostream
DA:74,1
LF:1
LH:1
end_of_record
SF:/usr/include/cppunit/portability/Stream.h
FN:332,_ZN7CppUnit7stdCOutEv
FNDA:1,_ZN7CppUnit7stdCOutEv
FNF:1
FNH:1
DA:332,1
DA:334,1
LF:2
LH:2
end_of_record
SF:/usr/include/x86_64-linux-gnu/c++/4.8/bits/gthr-default.h
FN:247,_ZL18__gthread_active_pv
FNDA:0,_ZL18__gthread_active_pv
FNF:1
FNH:0
DA:247,0
DA:251,0
LF:2
LH:0
end_of_record
SF:/home/chung/Documents/MATLAB/ForBES/ForBESC/tests/TestMatrixRunner.cpp
FN:28,main
FN:50,_GLOBAL__sub_I_main
FN:50,_Z41__static_initialization_and_destruction_0ii
FNDA:1,main
FNDA:1,_GLOBAL__sub_I_main
FNDA:1,_Z41__static_initialization_and_destruction_0ii
FNF:3
FNH:3
DA:28,1
DA:30,1
DA:33,2
DA:34,1
DA:37,2
DA:38,1
DA:41,2
DA:42,1
DA:43,1
DA:46,2
DA:47,1
DA:49,2
DA:50,3
LF:13
LH:13
end_of_record
TN:
SF:/usr/include/c++/4.8/bits/allocator.h
FN:113,_ZNSaISt13_Rb_tree_nodeISt4pairIiiEEEC2Ev
FN:119,_ZNSaISt4pairIiiEEC2ISt13_Rb_tree_nodeIS0_EEERKSaIT_E
FN:121,_ZNSaISt4pairIiiEED2Ev
FN:121,_ZNSaISt13_Rb_tree_nodeISt4pairIiiEEED2Ev
FNDA:1045,_ZNSaISt13_Rb_tree_nodeISt4pairIiiEEEC2Ev
FNDA:79172,_ZNSaISt4pairIiiEEC2ISt13_Rb_tree_nodeIS0_EEERKSaIT_E
FNDA:79172,_ZNSaISt4pairIiiEED2Ev
FNDA:1045,_ZNSaISt13_Rb_tree_nodeISt4pairIiiEEED2Ev
FNF:4
FNH:4
DA:113,1045
DA:119,79172
DA:121,80217
LF:3
LH:3
end_of_record
SF:/usr/include/c++/4.8/bits/move.h
FN:47,_ZSt11__addressofISt4pairIiiEEPT_RS2_
FN:47,_ZSt11__addressofIKSt4pairIiiEEPT_RS3_
FNDA:79172,_ZSt11__addressofISt4pairIiiEEPT_RS2_
FNDA:79172,_ZSt11__addressofIKSt4pairIiiEEPT_RS3_
FNF:2
FNH:2
DA:47,158344
DA:50,158344
LF:2
LH:2
end_of_record
SF:/usr/include/c++/4.8/bits/stl_function.h
FN:234,_ZNKSt4lessISt4pairIiiEEclERKS1_S4_
FN:481,_ZNKSt9_IdentityISt4pairIiiEEclERKS1_
FNDA:305987,_ZNKSt4lessISt4pairIiiEEclERKS1_S4_
FNDA:394607,_ZNKSt9_IdentityISt4pairIiiEEclERKS1_
FNF:2
FNH:2
DA:234,305987
DA:235,305987
DA:481,394607
DA:482,394607
LF:4
LH:4
end_of_record
SF:/usr/include/c++/4.8/bits/stl_pair.h
FN:108,_ZNSt4pairIiiEC2Ev
FN:112,_ZNSt4pairISt23_Rb_tree_const_iteratorIS_IiiEEbEC2ERKS2_RKb
FN:112,_ZNSt4pairISt17_Rb_tree_iteratorIS_IiiEEbEC2ERKS2_RKb
FN:112,_ZNSt4pairIPSt18_Rb_tree_node_baseS1_EC2ERKS1_S4_
FN:220,_ZStltIiiEbRKSt4pairIT_T0_ES5_
FNDA:1045,_ZNSt4pairIiiEC2Ev
FNDA:50079,_ZNSt4pairIPSt18_Rb_tree_node_baseS1_EC2ERKS1_S4_
FNDA:50079,_ZNSt4pairISt17_Rb_tree_iteratorIS_IiiEEbEC2ERKS2_RKb
FNDA:50079,_ZNSt4pairISt23_Rb_tree_const_iteratorIS_IiiEEbEC2ERKS2_RKb
FNDA:305987,_ZStltIiiEbRKSt4pairIT_T0_ES5_
FNF:5
FNH:5
DA:108,1045
DA:109,1045
DA:112,150237
DA:113,150237
DA:220,305987
DA:222,305987
LF:6
LH:6
end_of_record
SF:/usr/include/c++/4.8/bits/stl_set.h
FN:90,_ZNSt3setISt4pairIiiESt4lessIS1_ESaIS1_EED2Ev
FN:139,_ZNSt3setISt4pairIiiESt4lessIS1_ESaIS1_EEC2Ev
FN:298,_ZNKSt3setISt4pairIiiESt4lessIS1_ESaIS1_EE5beginEv
FN:307,_ZNKSt3setISt4pairIiiESt4lessIS1_ESaIS1_EE3endEv
FN:373,_ZNKSt3setISt4pairIiiESt4lessIS1_ESaIS1_EE4sizeEv
FN:460,_ZNSt3setISt4pairIiiESt4lessIS1_ESaIS1_EE6insertERKS1_
FNDA:1045,_ZNSt3setISt4pairIiiESt4lessIS1_ESaIS1_EED2Ev
FNDA:1045,_ZNSt3setISt4pairIiiESt4lessIS1_ESaIS1_EEC2Ev
FNDA:1045,_ZNKSt3setISt4pairIiiESt4lessIS1_ESaIS1_EE5beginEv
FNDA:40631,_ZNKSt3setISt4pairIiiESt4lessIS1_ESaIS1_EE3endEv
FNDA:50079,_ZNKSt3setISt4pairIiiESt4lessIS1_ESaIS1_EE4sizeEv
FNDA:50079,_ZNSt3setISt4pairIiiESt4lessIS1_ESaIS1_EE6insertERKS1_
FNF:6
FNH:6
DA:90,1045
DA:139,1045
DA:140,1045
DA:298,1045
DA:299,1045
DA:307,40631
DA:308,40631
DA:373,50079
DA:374,50079
DA:460,50079
DA:463,50079
DA:464,50079
LF:12
LH:12
end_of_record
SF:/usr/include/c++/4.8/bits/stl_tree.h
FN:174,_ZNSt17_Rb_tree_iteratorISt4pairIiiEEC2EPSt13_Rb_tree_nodeIS1_E
FN:202,_ZNSt17_Rb_tree_iteratorISt4pairIiiEEmmEv
FN:217,_ZNKSt17_Rb_tree_iteratorISt4pairIiiEEeqERKS2_
FN:247,_ZNSt23_Rb_tree_const_iteratorISt4pairIiiEEC2EPKSt13_Rb_tree_nodeIS1_E
FN:250,_ZNSt23_Rb_tree_const_iteratorISt4pairIiiEEC2ERKSt17_Rb_tree_iteratorIS1_E
FN:263,_ZNKSt23_Rb_tree_const_iteratorISt4pairIiiEEptEv
FN:275,_ZNSt23_Rb_tree_const_iteratorISt4pairIiiEEppEi
FN:302,_ZNKSt23_Rb_tree_const_iteratorISt4pairIiiEEneERKS2_
FN:360,_ZNKSt8_Rb_treeISt4pairIiiES1_St9_IdentityIS1_ESt4lessIS1_ESaIS1_EE21_M_get_Node_allocatorEv
FN:364,_ZNKSt8_Rb_treeISt4pairIiiES1_St9_IdentityIS1_ESt4lessIS1_ESaIS1_EE13get_allocatorEv
FN:369,_ZNSt8_Rb_treeISt4pairIiiES1_St9_IdentityIS1_ESt4lessIS1_ESaIS1_EE11_M_get_nodeEv
FN:373,_ZNSt8_Rb_treeISt4pairIiiES1_St9_IdentityIS1_ESt4lessIS1_ESaIS1_EE11_M_put_nodeEPSt13_Rb_tree_nodeIS1_E
FN:378,_ZNSt8_Rb_treeISt4pairIiiES1_St9_IdentityIS1_ESt4lessIS1_ESaIS1_EE14_M_create_nodeERKS1_
FN:393,_ZNSt8_Rb_treeISt4pairIiiES1_St9_IdentityIS1_ESt4lessIS1_ESaIS1_EE15_M_destroy_nodeEPSt13_Rb_tree_nodeIS1_E
FN:439,_ZNSt8_Rb_treeISt4pairIiiES1_St9_IdentityIS1_ESt4lessIS1_ESaIS1_EE13_Rb_tree_implIS5_Lb0EED2Ev
FN:445,_ZNSt8_Rb_treeISt4pairIiiES1_St9_IdentityIS1_ESt4lessIS1_ESaIS1_EE13_Rb_tree_implIS5_Lb0EEC2Ev
FN:464,_ZNSt8_Rb_treeISt4pairIiiES1_St9_IdentityIS1_ESt4lessIS1_ESaIS1_EE13_Rb_tree_implIS5_Lb0EE13_M_initializeEv
FN:501,_ZNSt8_Rb_treeISt4pairIiiES1_St9_IdentityIS1_ESt4lessIS1_ESaIS1_EE8_M_beginEv
FN:512,_ZNSt8_Rb_treeISt4pairIiiES1_St9_IdentityIS1_ESt4lessIS1_ESaIS1_EE6_M_endEv
FN:520,_ZNSt8_Rb_treeISt4pairIiiES1_St9_IdentityIS1_ESt4lessIS1_ESaIS1_EE8_S_valueEPKSt13_Rb_tree_nodeIS1_E
FN:524,_ZNSt8_Rb_treeISt4pairIiiES1_St9_IdentityIS1_ESt4lessIS1_ESaIS1_EE6_S_keyEPKSt13_Rb_tree_nodeIS1_E
FN:528,_ZNSt8_Rb_treeISt4pairIiiES1_St9_IdentityIS1_ESt4lessIS1_ESaIS1_EE7_S_leftEPSt18_Rb_tree_node_base
FN:536,_ZNSt8_Rb_treeISt4pairIiiES1_St9_IdentityIS1_ESt4lessIS1_ESaIS1_EE8_S_rightEPSt18_Rb_tree_node_base
FN:544,_ZNSt8_Rb_treeISt4pairIiiES1_St9_IdentityIS1_ESt4lessIS1_ESaIS1_EE8_S_valueEPKSt18_Rb_tree_node_base
FN:548,_ZNSt8_Rb_treeISt4pairIiiES1_St9_IdentityIS1_ESt4lessIS1_ESaIS1_EE6_S_keyEPKSt18_Rb_tree_node_base
FN:648,_ZNSt8_Rb_treeISt4pairIiiES1_St9_IdentityIS1_ESt4lessIS1_ESaIS1_EEC2Ev
FN:670,_ZNSt8_Rb_treeISt4pairIiiES1_St9_IdentityIS1_ESt4lessIS1_ESaIS1_EED2Ev
FN:682,_ZNSt8_Rb_treeISt4pairIiiES1_St9_IdentityIS1_ESt4lessIS1_ESaIS1_EE5beginEv
FN:689,_ZNKSt8_Rb_treeISt4pairIiiES1_St9_IdentityIS1_ESt4lessIS1_ESaIS1_EE5beginEv
FN:700,_ZNKSt8_Rb_treeISt4pairIiiES1_St9_IdentityIS1_ESt4lessIS1_ESaIS1_EE3endEv
FN:727,_ZNKSt8_Rb_treeISt4pairIiiES1_St9_IdentityIS1_ESt4lessIS1_ESaIS1_EE4sizeEv
FN:1012,_ZNSt8_Rb_treeISt4pairIiiES1_St9_IdentityIS1_ESt4lessIS1_ESaIS1_EE10_M_insert_EPSt18_Rb_tree_node_baseS9_RKS1_
FN:1119,_ZNSt8_Rb_treeISt4pairIiiES1_St9_IdentityIS1_ESt4lessIS1_ESaIS1_EE8_M_eraseEPSt13_Rb_tree_nodeIS1_E
FN:1314,_ZNSt8_Rb_treeISt4pairIiiES1_St9_IdentityIS1_ESt4lessIS1_ESaIS1_EE24_M_get_insert_unique_posERKS1_
FN:1368,_ZNSt8_Rb_treeISt4pairIiiES1_St9_IdentityIS1_ESt4lessIS1_ESaIS1_EE16_M_insert_uniqueERKS1_
FNDA:125176,_ZNSt17_Rb_tree_iteratorISt4pairIiiEEC2EPSt13_Rb_tree_nodeIS1_E
FNDA:20990,_ZNSt17_Rb_tree_iteratorISt4pairIiiEEmmEv
FNDA:25018,_ZNKSt17_Rb_tree_iteratorISt4pairIiiEEeqERKS2_
FNDA:41676,_ZNSt23_Rb_tree_const_iteratorISt4pairIiiEEC2EPKSt13_Rb_tree_nodeIS1_E
FNDA:50079,_ZNSt23_Rb_tree_const_iteratorISt4pairIiiEEC2ERKSt17_Rb_tree_iteratorIS1_E
FNDA:79172,_ZNKSt23_Rb_tree_const_iteratorISt4pairIiiEEptEv
FNDA:39586,_ZNSt23_Rb_tree_const_iteratorISt4pairIiiEEppEi
FNDA:40631,_ZNKSt23_Rb_tree_const_iteratorISt4pairIiiEEneERKS2_
FNDA:79172,_ZNKSt8_Rb_treeISt4pairIiiES1_St9_IdentityIS1_ESt4lessIS1_ESaIS1_EE21_M_get_Node_allocatorEv
FNDA:79172,_ZNKSt8_Rb_treeISt4pairIiiES1_St9_IdentityIS1_ESt4lessIS1_ESaIS1_EE13get_allocatorEv
FNDA:39586,_ZNSt8_Rb_treeISt4pairIiiES1_St9_IdentityIS1_ESt4lessIS1_ESaIS1_EE11_M_get_nodeEv
FNDA:39586,_ZNSt8_Rb_treeISt4pairIiiES1_St9_IdentityIS1_ESt4lessIS1_ESaIS1_EE11_M_put_nodeEPSt13_Rb_tree_nodeIS1_E
FNDA:39586,_ZNSt8_Rb_treeISt4pairIiiES1_St9_IdentityIS1_ESt4lessIS1_ESaIS1_EE14_M_create_nodeERKS1_
FNDA:39586,_ZNSt8_Rb_treeISt4pairIiiES1_St9_IdentityIS1_ESt4lessIS1_ESaIS1_EE15_M_destroy_nodeEPSt13_Rb_tree_nodeIS1_E
FNDA:1045,_ZNSt8_Rb_treeISt4pairIiiES1_St9_IdentityIS1_ESt4lessIS1_ESaIS1_EE13_Rb_tree_implIS5_Lb0EED2Ev
FNDA:1045,_ZNSt8_Rb_treeISt4pairIiiES1_St9_IdentityIS1_ESt4lessIS1_ESaIS1_EE13_Rb_tree_implIS5_Lb0EEC2Ev
FNDA:1045,_ZNSt8_Rb_treeISt4pairIiiES1_St9_IdentityIS1_ESt4lessIS1_ESaIS1_EE13_Rb_tree_implIS5_Lb0EE13_M_initializeEv
FNDA:51124,_ZNSt8_Rb_treeISt4pairIiiES1_St9_IdentityIS1_ESt4lessIS1_ESaIS1_EE8_M_beginEv
FNDA:89665,_ZNSt8_Rb_treeISt4pairIiiES1_St9_IdentityIS1_ESt4lessIS1_ESaIS1_EE6_M_endEv
FNDA:221395,_ZNSt8_Rb_treeISt4pairIiiES1_St9_IdentityIS1_ESt4lessIS1_ESaIS1_EE8_S_valueEPKSt13_Rb_tree_nodeIS1_E
FNDA:221395,_ZNSt8_Rb_treeISt4pairIiiES1_St9_IdentityIS1_ESt4lessIS1_ESaIS1_EE6_S_keyEPKSt13_Rb_tree_nodeIS1_E
FNDA:148590,_ZNSt8_Rb_treeISt4pairIiiES1_St9_IdentityIS1_ESt4lessIS1_ESaIS1_EE7_S_leftEPSt18_Rb_tree_node_base
FNDA:151977,_ZNSt8_Rb_treeISt4pairIiiES1_St9_IdentityIS1_ESt4lessIS1_ESaIS1_EE8_S_rightEPSt18_Rb_tree_node_base
FNDA:84592,_ZNSt8_Rb_treeISt4pairIiiES1_St9_IdentityIS1_ESt4lessIS1_ESaIS1_EE8_S_valueEPKSt18_Rb_tree_node_base
FNDA:84592,_ZNSt8_Rb_treeISt4pairIiiES1_St9_IdentityIS1_ESt4lessIS1_ESaIS1_EE6_S_keyEPKSt18_Rb_tree_node_base
FNDA:1045,_ZNSt8_Rb_treeISt4pairIiiES1_St9_IdentityIS1_ESt4lessIS1_ESaIS1_EEC2Ev
FNDA:1045,_ZNSt8_Rb_treeISt4pairIiiES1_St9_IdentityIS1_ESt4lessIS1_ESaIS1_EED2Ev
FNDA:25018,_ZNSt8_Rb_treeISt4pairIiiES1_St9_IdentityIS1_ESt4lessIS1_ESaIS1_EE5beginEv
FNDA:1045,_ZNKSt8_Rb_treeISt4pairIiiES1_St9_IdentityIS1_ESt4lessIS1_ESaIS1_EE5beginEv
FNDA:40631,_ZNKSt8_Rb_treeISt4pairIiiES1_St9_IdentityIS1_ESt4lessIS1_ESaIS1_EE3endEv
FNDA:50079,_ZNKSt8_Rb_treeISt4pairIiiES1_St9_IdentityIS1_ESt4lessIS1_ESaIS1_EE4sizeEv
FNDA:39586,_ZNSt8_Rb_treeISt4pairIiiES1_St9_IdentityIS1_ESt4lessIS1_ESaIS1_EE10_M_insert_EPSt18_Rb_tree_node_baseS9_RKS1_
FNDA:40631,_ZNSt8_Rb_treeISt4pairIiiES1_St9_IdentityIS1_ESt4lessIS1_ESaIS1_EE8_M_eraseEPSt13_Rb_tree_nodeIS1_E
FNDA:50079,_ZNSt8_Rb_treeISt4pairIiiES1_St9_IdentityIS1_ESt4lessIS1_ESaIS1_EE24_M_get_insert_unique_posERKS1_
FNDA:50079,_ZNSt8_Rb_treeISt4pairIiiES1_St9_IdentityIS1_ESt4lessIS1_ESaIS1_EE16_M_insert_uniqueERKS1_
FNF:35
FNH:35
DA:174,125176
DA:175,125176
DA:202,20990
DA:204,20990
DA:205,20990
DA:217,25018
DA:218,25018
DA:247,41676
DA:248,41676
DA:250,50079
DA:251,50079
DA:263,79172
DA:265,79172
DA:275,39586
DA:277,39586
DA:278,39586
DA:279,39586
DA:302,40631
DA:303,40631
DA:360,79172
DA:361,79172
DA:364,79172
DA:365,79172
DA:369,39586
DA:370,39586
DA:373,39586
DA:374,39586
DA:378,39586
DA:380,39586
DA:382,39586
DA:384,=====
DA:386,=====
DA:387,=====
DA:389,39586
DA:393,39586
DA:395,39586
DA:396,39586
DA:397,39586
DA:439,1045
DA:445,1045
DA:447,1045
DA:448,1045
DA:464,1045
DA:466,1045
DA:467,1045
DA:468,1045
DA:469,1045
DA:470,1045
DA:501,51124
DA:502,51124
DA:512,89665
DA:513,89665
DA:520,221395
DA:521,221395
DA:524,221395
DA:525,221395
DA:528,148590
DA:529,148590
DA:536,151977
DA:537,151977
DA:544,84592
DA:545,84592
DA:548,84592
DA:549,84592
DA:648,1045
DA:670,1045
DA:671,1045
DA:682,25018
DA:685,25018
DA:689,1045
DA:692,1045
DA:700,40631
DA:703,40631
DA:727,50079
DA:728,50079
DA:1012,39586
DA:1019,39586
DA:1020,116668
DA:1021,118758
DA:1023,39586
DA:1025,39586
DA:1026,39586
DA:1027,39586
DA:1028,39586
DA:1119,40631
DA:1123,120848
DA:1125,39586
DA:1126,39586
DA:1127,39586
DA:1128,39586
DA:1130,40631
DA:1314,50079
DA:1318,50079
DA:1319,50079
DA:1320,50079
DA:1321,321553
DA:1323,221395
DA:1324,221395
DA:1325,221395
DA:1327,50079
DA:1328,50079
DA:1330,25018
DA:1331,4028
DA:1333,20990
DA:1335,46051
DA:1336,35558
DA:1337,10493
DA:1368,50079
DA:1377,50079
DA:1379,50079
DA:1381,39586
DA:1382,79172
DA:1384,10493
LF:113
LH:110
end_of_record
SF:/usr/include/c++/4.8/ext/new_allocator.h
FN:79,_ZN9__gnu_cxx13new_allocatorISt4pairIiiEEC2Ev
FN:79,_ZN9__gnu_cxx13new_allocatorISt13_Rb_tree_nodeISt4pairIiiEEEC2Ev
FN:86,_ZN9__gnu_cxx13new_allocatorISt4pairIiiEED2Ev
FN:86,_ZN9__gnu_cxx13new_allocatorISt13_Rb_tree_nodeISt4pairIiiEEED2Ev
FN:99,_ZN9__gnu_cxx13new_allocatorISt13_Rb_tree_nodeISt4pairIiiEEE8allocateEmPKv
FN:109,_ZN9__gnu_cxx13new_allocatorISt13_Rb_tree_nodeISt4pairIiiEEE10deallocateEPS4_m
FN:113,_ZNK9__gnu_cxx13new_allocatorISt13_Rb_tree_nodeISt4pairIiiEEE8max_sizeEv
FN:129,_ZN9__gnu_cxx13new_allocatorISt4pairIiiEE9constructEPS2_RKS2_
FN:133,_ZN9__gnu_cxx13new_allocatorISt4pairIiiEE7destroyEPS2_
FNDA:79172,_ZN9__gnu_cxx13new_allocatorISt4pairIiiEEC2Ev
FNDA:1045,_ZN9__gnu_cxx13new_allocatorISt13_Rb_tree_nodeISt4pairIiiEEEC2Ev
FNDA:79172,_ZN9__gnu_cxx13new_allocatorISt4pairIiiEED2Ev
FNDA:1045,_ZN9__gnu_cxx13new_allocatorISt13_Rb_tree_nodeISt4pairIiiEEED2Ev
FNDA:39586,_ZN9__gnu_cxx13new_allocatorISt13_Rb_tree_nodeISt4pairIiiEEE8allocateEmPKv
FNDA:39586,_ZN9__gnu_cxx13new_allocatorISt13_Rb_tree_nodeISt4pairIiiEEE10deallocateEPS4_m
FNDA:39586,_ZNK9__gnu_cxx13new_allocatorISt13_Rb_tree_nodeISt4pairIiiEEE8max_sizeEv
FNDA:39586,_ZN9__gnu_cxx13new_allocatorISt4pairIiiEE9constructEPS2_RKS2_
FNDA:39586,_ZN9__gnu_cxx13new_allocatorISt4pairIiiEE7destroyEPS2_
FNF:9
FNH:9
DA:79,80217
DA:86,80217
DA:99,39586
DA:101,39586
DA:102,0
DA:104,39586
DA:109,39586
DA:110,39586
DA:113,39586
DA:114,39586
DA:129,39586
DA:130,39586
DA:133,39586
LF:13
LH:12
end_of_record
SF:/usr/include/c++/4.8/iostream
DA:74,5
LF:1
LH:1
end_of_record
SF:/usr/include/c++/4.8/new
FN:109,_ZnwmPv
FNDA:0,_ZnwmPv
FNF:1
FNH:0
DA:109,0
DA:110,0
LF:2
LH:0
end_of_record
SF:/home/chung/Documents/MATLAB/ForBES/ForBESC/MatrixFactory.cpp
FN:28,_ZN13MatrixFactory12MakeIdentityEmf
FN:36,_ZN13MatrixFactory16MakeRandomSparseEmmmff
FN:56,_ZN13MatrixFactory16MakeRandomMatrixEmmffN6Matrix10MatrixTypeE
FN:80,_ZN13MatrixFactory10MakeSparseEmmmN6Matrix16SparseMatrixTypeE
FN:87,_ZN13MatrixFactory19MakeSparseSymmetricEmm
FN:91,_ZN13MatrixFactory10ReadSparseEP8_IO_FILE
FN:100,_GLOBAL__sub_I__ZN13MatrixFactory12MakeIdentityEmf
FN:100,_Z41__static_initialization_and_destruction_0ii
FNDA:2,_ZN13MatrixFactory12MakeIdentityEmf
FNDA:1045,_ZN13MatrixFactory16MakeRandomSparseEmmmff
FNDA:124,_ZN13MatrixFactory16MakeRandomMatrixEmmffN6Matrix10MatrixTypeE
FNDA:1056,_ZN13MatrixFactory10MakeSparseEmmmN6Matrix16SparseMatrixTypeE
FNDA:1,_ZN13MatrixFactory19MakeSparseSymmetricEmm
FNDA:3,_ZN13MatrixFactory10ReadSparseEP8_IO_FILE
FNDA:5,_GLOBAL__sub_I__ZN13MatrixFactory12MakeIdentityEmf
FNDA:5,_Z41__static_initialization_and_destruction_0ii
FNF:8
FNH:8
DA:28,2
DA:29,2
DA:30,16
DA:31,14
DA:33,2
DA:36,1045
DA:37,1045
DA:38,2090
DA:39,1045
DA:41,50079
DA:42,50079
DA:43,50079
DA:44,50079
DA:45,1045
DA:49,40631
DA:50,39586
DA:51,39586
DA:53,2090
DA:56,124
DA:57,124
DA:58,124
DA:60,119
DA:61,119
DA:64,4
DA:65,4
DA:67,1
DA:68,1
DA:71,0
DA:73,124
DA:74,7324
DA:75,7200
DA:77,124
DA:80,1056
DA:81,1056
DA:82,1056
DA:83,1056
DA:84,1056
DA:87,1
DA:88,1
DA:91,3
DA:93,3
DA:95,3
DA:96,3
DA:97,3
DA:98,3
DA:99,3
DA:100,15
LF:47
LH:46
end_of_record
